e:\gitfork\researchonmeta-ai-1\xr_framev2023_0930_vc2017_objloader\usersguidesample-5\debug\mreal_template.pch
e:\gitfork\researchonmeta-ai-1\xr_framev2023_0930_vc2017_objloader\usersguidesample-5\debug\vc141.pdb
e:\gitfork\researchonmeta-ai-1\xr_framev2023_0930_vc2017_objloader\usersguidesample-5\debug\vc141.idb
e:\gitfork\researchonmeta-ai-1\xr_framev2023_0930_vc2017_objloader\usersguidesample-5\debug\stdafx.obj
e:\gitfork\researchonmeta-ai-1\xr_framev2023_0930_vc2017_objloader\usersguidesample-5\debug\light.obj
e:\gitfork\researchonmeta-ai-1\xr_framev2023_0930_vc2017_objloader\usersguidesample-5\debug\gyro.obj
e:\gitfork\researchonmeta-ai-1\xr_framev2023_0930_vc2017_objloader\usersguidesample-5\debug\ezutil.obj
e:\gitfork\researchonmeta-ai-1\xr_framev2023_0930_vc2017_objloader\usersguidesample-5\debug\ezmidi.obj
e:\gitfork\researchonmeta-ai-1\xr_framev2023_0930_vc2017_objloader\usersguidesample-5\debug\image.obj
e:\gitfork\researchonmeta-ai-1\xr_framev2023_0930_vc2017_objloader\usersguidesample-5\debug\ezwebcam.obj
e:\gitfork\researchonmeta-ai-1\xr_framev2023_0930_vc2017_objloader\usersguidesample-5\debug\ezjpeg.obj
e:\gitfork\researchonmeta-ai-1\xr_framev2023_0930_vc2017_objloader\usersguidesample-5\debug\ezfont.obj
e:\gitfork\researchonmeta-ai-1\xr_framev2023_0930_vc2017_objloader\usersguidesample-5\debug\draw.obj
e:\gitfork\researchonmeta-ai-1\xr_framev2023_0930_vc2017_objloader\usersguidesample-5\debug\depth.obj
e:\gitfork\researchonmeta-ai-1\xr_framev2023_0930_vc2017_objloader\usersguidesample-5\debug\com.obj
e:\gitfork\researchonmeta-ai-1\xr_framev2023_0930_vc2017_objloader\usersguidesample-5\debug\calc.obj
e:\gitfork\researchonmeta-ai-1\xr_framev2023_0930_vc2017_objloader\usersguidesample-5\debug\threedvector.obj
e:\gitfork\researchonmeta-ai-1\xr_framev2023_0930_vc2017_objloader\usersguidesample-5\debug\pngimage.obj
e:\gitfork\researchonmeta-ai-1\xr_framev2023_0930_vc2017_objloader\usersguidesample-5\debug\objloader_seq.obj
e:\gitfork\researchonmeta-ai-1\xr_framev2023_0930_vc2017_objloader\usersguidesample-5\debug\objloader.obj
e:\gitfork\researchonmeta-ai-1\xr_framev2023_0930_vc2017_objloader\usersguidesample-5\debug\objdetaildata.obj
e:\gitfork\researchonmeta-ai-1\xr_framev2023_0930_vc2017_objloader\usersguidesample-5\debug\objdata.obj
e:\gitfork\researchonmeta-ai-1\xr_framev2023_0930_vc2017_objloader\usersguidesample-5\debug\mtl.obj
e:\gitfork\researchonmeta-ai-1\xr_framev2023_0930_vc2017_objloader\usersguidesample-5\debug\material.obj
e:\gitfork\researchonmeta-ai-1\xr_framev2023_0930_vc2017_objloader\usersguidesample-5\debug\tcpfunc.obj
e:\gitfork\researchonmeta-ai-1\xr_framev2023_0930_vc2017_objloader\usersguidesample-5\debug\serialio.obj
e:\gitfork\researchonmeta-ai-1\xr_framev2023_0930_vc2017_objloader\usersguidesample-5\debug\myshape.obj
e:\gitfork\researchonmeta-ai-1\xr_framev2023_0930_vc2017_objloader\usersguidesample-5\debug\mymodel.obj
e:\gitfork\researchonmeta-ai-1\xr_framev2023_0930_vc2017_objloader\usersguidesample-5\debug\mreal_template.tlog\cl.command.1.tlog
e:\gitfork\researchonmeta-ai-1\xr_framev2023_0930_vc2017_objloader\usersguidesample-5\debug\mreal_template.tlog\cl.read.1.tlog
e:\gitfork\researchonmeta-ai-1\xr_framev2023_0930_vc2017_objloader\usersguidesample-5\debug\mreal_template.tlog\cl.write.1.tlog
