D:\TATEWAKI\4_program\SampleProgram5.0\UsersGuideSample-5\Debug\cl.command.1.tlog
D:\TATEWAKI\4_program\SampleProgram5.0\UsersGuideSample-5\Debug\CL.read.1.tlog
D:\TATEWAKI\4_program\SampleProgram5.0\UsersGuideSample-5\Debug\CL.write.1.tlog
D:\TATEWAKI\4_PROGRAM\SAMPLEPROGRAM5.0\USERSGUIDESAMPLE-5\DEBUG\DRAW.OBJ
D:\TATEWAKI\4_PROGRAM\SAMPLEPROGRAM5.0\USERSGUIDESAMPLE-5\DEBUG\GLMETASEQ.OBJ
D:\TATEWAKI\4_program\SampleProgram5.0\UsersGuideSample-5\Debug\link.6584.read.1.tlog
D:\TATEWAKI\4_program\SampleProgram5.0\UsersGuideSample-5\Debug\link.6584.read.2.tlog
D:\TATEWAKI\4_program\SampleProgram5.0\UsersGuideSample-5\Debug\link.6584.write.1.tlog
D:\TATEWAKI\4_program\SampleProgram5.0\UsersGuideSample-5\Debug\link.6584-cvtres.read.1.tlog
D:\TATEWAKI\4_program\SampleProgram5.0\UsersGuideSample-5\Debug\link.6584-cvtres.write.1.tlog
D:\TATEWAKI\4_program\SampleProgram5.0\UsersGuideSample-5\Debug\link.command.1.tlog
D:\TATEWAKI\4_program\SampleProgram5.0\UsersGuideSample-5\Debug\link.read.1.tlog
D:\TATEWAKI\4_program\SampleProgram5.0\UsersGuideSample-5\Debug\link.read.2.tlog
D:\TATEWAKI\4_program\SampleProgram5.0\UsersGuideSample-5\Debug\link.write.1.tlog
D:\TATEWAKI\4_program\SampleProgram5.0\UsersGuideSample-5\Debug\link-cvtres.read.1.tlog
D:\TATEWAKI\4_program\SampleProgram5.0\UsersGuideSample-5\Debug\link-cvtres.write.1.tlog
D:\TATEWAKI\4_program\SampleProgram5.0\UsersGuideSample-5\Debug\mt.command.1.tlog
D:\TATEWAKI\4_program\SampleProgram5.0\UsersGuideSample-5\Debug\mt.read.1.tlog
D:\TATEWAKI\4_program\SampleProgram5.0\UsersGuideSample-5\Debug\mt.write.1.tlog
D:\TATEWAKI\4_PROGRAM\SAMPLEPROGRAM5.0\USERSGUIDESAMPLE-5\DEBUG\MYMODEL.OBJ
D:\TATEWAKI\4_program\SampleProgram5.0\UsersGuideSample-5\Debug\rc.command.1.tlog
D:\TATEWAKI\4_program\SampleProgram5.0\UsersGuideSample-5\Debug\rc.read.1.tlog
D:\TATEWAKI\4_program\SampleProgram5.0\UsersGuideSample-5\Debug\rc.write.1.tlog
D:\TATEWAKI\4_PROGRAM\SAMPLEPROGRAM5.0\USERSGUIDESAMPLE-5\DEBUG\SIM.OBJ
D:\TATEWAKI\4_PROGRAM\SAMPLEPROGRAM5.0\USERSGUIDESAMPLE-5\DEBUG\STDAFX.OBJ
D:\TATEWAKI\4_PROGRAM\SAMPLEPROGRAM5.0\USERSGUIDESAMPLE-5\DEBUG\TARGETONE.OBJ
D:\TATEWAKI\4_PROGRAM\SAMPLEPROGRAM5.0\USERSGUIDESAMPLE-5\DEBUG\TARGETTHREE.OBJ
D:\TATEWAKI\4_PROGRAM\SAMPLEPROGRAM5.0\USERSGUIDESAMPLE-5\DEBUG\TARGETTWO.OBJ
D:\TATEWAKI\4_PROGRAM\SAMPLEPROGRAM5.0\USERSGUIDESAMPLE-5\DEBUG\TARGETZERO.OBJ
D:\TATEWAKI\4_PROGRAM\SAMPLEPROGRAM5.0\USERSGUIDESAMPLE-5\DEBUG\USERSGUIDESAMPLE-5.EXE
D:\TATEWAKI\4_PROGRAM\SAMPLEPROGRAM5.0\USERSGUIDESAMPLE-5\DEBUG\USERSGUIDESAMPLE-5.EXE.EMBED.MANIFEST
D:\TATEWAKI\4_PROGRAM\SAMPLEPROGRAM5.0\USERSGUIDESAMPLE-5\DEBUG\USERSGUIDESAMPLE-5.EXE.EMBED.MANIFEST.RES
D:\TATEWAKI\4_PROGRAM\SAMPLEPROGRAM5.0\USERSGUIDESAMPLE-5\DEBUG\USERSGUIDESAMPLE-5.EXE.INTERMEDIATE.MANIFEST
D:\TATEWAKI\4_PROGRAM\SAMPLEPROGRAM5.0\USERSGUIDESAMPLE-5\DEBUG\USERSGUIDESAMPLE-5.ILK
D:\TATEWAKI\4_PROGRAM\SAMPLEPROGRAM5.0\USERSGUIDESAMPLE-5\DEBUG\USERSGUIDESAMPLE-5.OBJ
D:\TATEWAKI\4_PROGRAM\SAMPLEPROGRAM5.0\USERSGUIDESAMPLE-5\DEBUG\USERSGUIDESAMPLE-5.PCH
D:\TATEWAKI\4_PROGRAM\SAMPLEPROGRAM5.0\USERSGUIDESAMPLE-5\DEBUG\USERSGUIDESAMPLE-5.PDB
D:\TATEWAKI\4_program\SampleProgram5.0\UsersGuideSample-5\Debug\UsersGuideSample-5.vcxprojResolveAssemblyReference.cache
D:\TATEWAKI\4_program\SampleProgram5.0\UsersGuideSample-5\Debug\UsersGuideSample-5.write.1.tlog
D:\TATEWAKI\4_program\SampleProgram5.0\UsersGuideSample-5\Debug\UsersGuideSample-5_manifest.rc
D:\TATEWAKI\4_program\SampleProgram5.0\UsersGuideSample-5\Debug\vc100.idb
D:\TATEWAKI\4_PROGRAM\SAMPLEPROGRAM5.0\USERSGUIDESAMPLE-5\DEBUG\VC100.PDB
Debug\UsersGuideSample-5.ilk
Debug\UsersGuideSample-5.pdb
