  stdafx.cpp
  Material.cpp
  Mtl.cpp
e:\gitfork\researchonmeta-ai-1\xr_framev2023_0930_vc2017_objloader\lib_objloader\mtl.cpp(96): warning C4996: 'strcpy': This function or variable may be unsafe. Consider using strcpy_s instead. To disable deprecation, use _CRT_SECURE_NO_WARNINGS. See online help for details.
  c:\program files (x86)\windows kits\10\include\10.0.17763.0\ucrt\string.h(133): note: 'strcpy' の宣言を確認してください
e:\gitfork\researchonmeta-ai-1\xr_framev2023_0930_vc2017_objloader\lib_objloader\mtl.cpp(199): warning C4996: 'strcpy': This function or variable may be unsafe. Consider using strcpy_s instead. To disable deprecation, use _CRT_SECURE_NO_WARNINGS. See online help for details.
  c:\program files (x86)\windows kits\10\include\10.0.17763.0\ucrt\string.h(133): note: 'strcpy' の宣言を確認してください
e:\gitfork\researchonmeta-ai-1\xr_framev2023_0930_vc2017_objloader\lib_objloader\mtl.cpp(207): warning C4996: 'strtok': This function or variable may be unsafe. Consider using strtok_s instead. To disable deprecation, use _CRT_SECURE_NO_WARNINGS. See online help for details.
  c:\program files (x86)\windows kits\10\include\10.0.17763.0\ucrt\string.h(440): note: 'strtok' の宣言を確認してください
e:\gitfork\researchonmeta-ai-1\xr_framev2023_0930_vc2017_objloader\lib_objloader\mtl.cpp(212): warning C4996: 'strtok': This function or variable may be unsafe. Consider using strtok_s instead. To disable deprecation, use _CRT_SECURE_NO_WARNINGS. See online help for details.
  c:\program files (x86)\windows kits\10\include\10.0.17763.0\ucrt\string.h(440): note: 'strtok' の宣言を確認してください
e:\gitfork\researchonmeta-ai-1\xr_framev2023_0930_vc2017_objloader\lib_objloader\mtl.cpp(220): warning C4996: 'strtok': This function or variable may be unsafe. Consider using strtok_s instead. To disable deprecation, use _CRT_SECURE_NO_WARNINGS. See online help for details.
  c:\program files (x86)\windows kits\10\include\10.0.17763.0\ucrt\string.h(440): note: 'strtok' の宣言を確認してください
e:\gitfork\researchonmeta-ai-1\xr_framev2023_0930_vc2017_objloader\lib_objloader\mtl.cpp(225): warning C4996: 'strtok': This function or variable may be unsafe. Consider using strtok_s instead. To disable deprecation, use _CRT_SECURE_NO_WARNINGS. See online help for details.
  c:\program files (x86)\windows kits\10\include\10.0.17763.0\ucrt\string.h(440): note: 'strtok' の宣言を確認してください
e:\gitfork\researchonmeta-ai-1\xr_framev2023_0930_vc2017_objloader\lib_objloader\mtl.cpp(233): warning C4996: 'strtok': This function or variable may be unsafe. Consider using strtok_s instead. To disable deprecation, use _CRT_SECURE_NO_WARNINGS. See online help for details.
  c:\program files (x86)\windows kits\10\include\10.0.17763.0\ucrt\string.h(440): note: 'strtok' の宣言を確認してください
e:\gitfork\researchonmeta-ai-1\xr_framev2023_0930_vc2017_objloader\lib_objloader\mtl.cpp(240): warning C4996: 'strtok': This function or variable may be unsafe. Consider using strtok_s instead. To disable deprecation, use _CRT_SECURE_NO_WARNINGS. See online help for details.
  c:\program files (x86)\windows kits\10\include\10.0.17763.0\ucrt\string.h(440): note: 'strtok' の宣言を確認してください
e:\gitfork\researchonmeta-ai-1\xr_framev2023_0930_vc2017_objloader\lib_objloader\mtl.cpp(248): warning C4996: 'strcpy': This function or variable may be unsafe. Consider using strcpy_s instead. To disable deprecation, use _CRT_SECURE_NO_WARNINGS. See online help for details.
  c:\program files (x86)\windows kits\10\include\10.0.17763.0\ucrt\string.h(133): note: 'strcpy' の宣言を確認してください
e:\gitfork\researchonmeta-ai-1\xr_framev2023_0930_vc2017_objloader\lib_objloader\mtl.cpp(255): warning C4996: 'strcpy': This function or variable may be unsafe. Consider using strcpy_s instead. To disable deprecation, use _CRT_SECURE_NO_WARNINGS. See online help for details.
  c:\program files (x86)\windows kits\10\include\10.0.17763.0\ucrt\string.h(133): note: 'strcpy' の宣言を確認してください
e:\gitfork\researchonmeta-ai-1\xr_framev2023_0930_vc2017_objloader\lib_objloader\mtl.cpp(284): warning C4996: 'strtok': This function or variable may be unsafe. Consider using strtok_s instead. To disable deprecation, use _CRT_SECURE_NO_WARNINGS. See online help for details.
  c:\program files (x86)\windows kits\10\include\10.0.17763.0\ucrt\string.h(440): note: 'strtok' の宣言を確認してください
e:\gitfork\researchonmeta-ai-1\xr_framev2023_0930_vc2017_objloader\lib_objloader\mtl.cpp(292): warning C4996: 'strtok': This function or variable may be unsafe. Consider using strtok_s instead. To disable deprecation, use _CRT_SECURE_NO_WARNINGS. See online help for details.
  c:\program files (x86)\windows kits\10\include\10.0.17763.0\ucrt\string.h(440): note: 'strtok' の宣言を確認してください
  ObjData.cpp
  ObjDetailData.cpp
  ObjLoader.cpp
e:\gitfork\researchonmeta-ai-1\xr_framev2023_0930_vc2017_objloader\lib_objloader\objloader.cpp(184): warning C4101: 'tempCnt': ローカル変数は 1 度も使われていません。
e:\gitfork\researchonmeta-ai-1\xr_framev2023_0930_vc2017_objloader\lib_objloader\objloader.cpp(500): warning C4996: 'strtok': This function or variable may be unsafe. Consider using strtok_s instead. To disable deprecation, use _CRT_SECURE_NO_WARNINGS. See online help for details.
  c:\program files (x86)\windows kits\10\include\10.0.17763.0\ucrt\string.h(440): note: 'strtok' の宣言を確認してください
e:\gitfork\researchonmeta-ai-1\xr_framev2023_0930_vc2017_objloader\lib_objloader\objloader.cpp(501): warning C4996: 'strtok': This function or variable may be unsafe. Consider using strtok_s instead. To disable deprecation, use _CRT_SECURE_NO_WARNINGS. See online help for details.
  c:\program files (x86)\windows kits\10\include\10.0.17763.0\ucrt\string.h(440): note: 'strtok' の宣言を確認してください
e:\gitfork\researchonmeta-ai-1\xr_framev2023_0930_vc2017_objloader\lib_objloader\objloader.cpp(514): warning C4996: 'strtok': This function or variable may be unsafe. Consider using strtok_s instead. To disable deprecation, use _CRT_SECURE_NO_WARNINGS. See online help for details.
  c:\program files (x86)\windows kits\10\include\10.0.17763.0\ucrt\string.h(440): note: 'strtok' の宣言を確認してください
e:\gitfork\researchonmeta-ai-1\xr_framev2023_0930_vc2017_objloader\lib_objloader\objloader.cpp(515): warning C4996: 'strtok': This function or variable may be unsafe. Consider using strtok_s instead. To disable deprecation, use _CRT_SECURE_NO_WARNINGS. See online help for details.
  c:\program files (x86)\windows kits\10\include\10.0.17763.0\ucrt\string.h(440): note: 'strtok' の宣言を確認してください
e:\gitfork\researchonmeta-ai-1\xr_framev2023_0930_vc2017_objloader\lib_objloader\objloader.cpp(540): warning C4996: 'strtok': This function or variable may be unsafe. Consider using strtok_s instead. To disable deprecation, use _CRT_SECURE_NO_WARNINGS. See online help for details.
  c:\program files (x86)\windows kits\10\include\10.0.17763.0\ucrt\string.h(440): note: 'strtok' の宣言を確認してください
e:\gitfork\researchonmeta-ai-1\xr_framev2023_0930_vc2017_objloader\lib_objloader\objloader.cpp(546): warning C4996: 'strtok': This function or variable may be unsafe. Consider using strtok_s instead. To disable deprecation, use _CRT_SECURE_NO_WARNINGS. See online help for details.
  c:\program files (x86)\windows kits\10\include\10.0.17763.0\ucrt\string.h(440): note: 'strtok' の宣言を確認してください
e:\gitfork\researchonmeta-ai-1\xr_framev2023_0930_vc2017_objloader\lib_objloader\objloader.cpp(566): warning C4996: 'strtok': This function or variable may be unsafe. Consider using strtok_s instead. To disable deprecation, use _CRT_SECURE_NO_WARNINGS. See online help for details.
  c:\program files (x86)\windows kits\10\include\10.0.17763.0\ucrt\string.h(440): note: 'strtok' の宣言を確認してください
e:\gitfork\researchonmeta-ai-1\xr_framev2023_0930_vc2017_objloader\lib_objloader\objloader.cpp(572): warning C4996: 'strtok': This function or variable may be unsafe. Consider using strtok_s instead. To disable deprecation, use _CRT_SECURE_NO_WARNINGS. See online help for details.
  c:\program files (x86)\windows kits\10\include\10.0.17763.0\ucrt\string.h(440): note: 'strtok' の宣言を確認してください
e:\gitfork\researchonmeta-ai-1\xr_framev2023_0930_vc2017_objloader\lib_objloader\objloader.cpp(585): warning C4996: 'strtok': This function or variable may be unsafe. Consider using strtok_s instead. To disable deprecation, use _CRT_SECURE_NO_WARNINGS. See online help for details.
  c:\program files (x86)\windows kits\10\include\10.0.17763.0\ucrt\string.h(440): note: 'strtok' の宣言を確認してください
e:\gitfork\researchonmeta-ai-1\xr_framev2023_0930_vc2017_objloader\lib_objloader\objloader.cpp(586): warning C4996: 'strtok': This function or variable may be unsafe. Consider using strtok_s instead. To disable deprecation, use _CRT_SECURE_NO_WARNINGS. See online help for details.
  c:\program files (x86)\windows kits\10\include\10.0.17763.0\ucrt\string.h(440): note: 'strtok' の宣言を確認してください
  ObjLoader_Seq.cpp
e:\gitfork\researchonmeta-ai-1\xr_framev2023_0930_vc2017_objloader\lib_objloader\objloader_seq.h(2): warning C4067: プリプロセッサ ディレクティブの後に余分な文字がありました - 改行が必要です
e:\gitfork\researchonmeta-ai-1\xr_framev2023_0930_vc2017_objloader\lib_objloader\objloader_seq.cpp(32): warning C4996: 'sprintf': This function or variable may be unsafe. Consider using sprintf_s instead. To disable deprecation, use _CRT_SECURE_NO_WARNINGS. See online help for details.
  c:\program files (x86)\windows kits\10\include\10.0.17763.0\ucrt\stdio.h(1774): note: 'sprintf' の宣言を確認してください
e:\gitfork\researchonmeta-ai-1\xr_framev2023_0930_vc2017_objloader\lib_objloader\objloader_seq.cpp(65): warning C4018: '<=': signed と unsigned の数値を比較しようとしました。
e:\gitfork\researchonmeta-ai-1\xr_framev2023_0930_vc2017_objloader\lib_objloader\objloader_seq.cpp(80): warning C4018: '<=': signed と unsigned の数値を比較しようとしました。
e:\gitfork\researchonmeta-ai-1\xr_framev2023_0930_vc2017_objloader\lib_objloader\objloader_seq.cpp(92): warning C4018: '<=': signed と unsigned の数値を比較しようとしました。
  PngImage.cpp
e:\gitfork\researchonmeta-ai-1\xr_framev2023_0930_vc2017_objloader\lib_objloader\pngimage.cpp(37): warning C4996: 'fopen': This function or variable may be unsafe. Consider using fopen_s instead. To disable deprecation, use _CRT_SECURE_NO_WARNINGS. See online help for details.
  c:\program files (x86)\windows kits\10\include\10.0.17763.0\ucrt\stdio.h(208): note: 'fopen' の宣言を確認してください
e:\gitfork\researchonmeta-ai-1\xr_framev2023_0930_vc2017_objloader\lib_objloader\pngimage.cpp(112): warning C4996: 'fopen': This function or variable may be unsafe. Consider using fopen_s instead. To disable deprecation, use _CRT_SECURE_NO_WARNINGS. See online help for details.
  c:\program files (x86)\windows kits\10\include\10.0.17763.0\ucrt\stdio.h(208): note: 'fopen' の宣言を確認してください
  ThreedVector.cpp
  calc.cpp
  Com.cpp
e:\gitfork\researchonmeta-ai-1\xr_framev2023_0930_vc2017_objloader\src\com.cpp(217): warning C4334: '<<': 32 ビット シフトの結果が暗黙的に 64 ビットに変換されました (64 ビット シフトに意図的に変換しようとしましたか?)
e:\gitfork\researchonmeta-ai-1\xr_framev2023_0930_vc2017_objloader\src\com.cpp(269): warning C4334: '<<': 32 ビット シフトの結果が暗黙的に 64 ビットに変換されました (64 ビット シフトに意図的に変換しようとしましたか?)
  depth.cpp
  draw.cpp
e:\gitfork\researchonmeta-ai-1\xr_framev2023_0930_vc2017_objloader\lib_objloader\objloader_seq.h(2): warning C4067: プリプロセッサ ディレクティブの後に余分な文字がありました - 改行が必要です
  ezFont.cpp
  ezJpeg.cpp
  ezWebCam.cpp
  image.cpp
  ezMIDI.cpp
  ezUtil.cpp
  gyro.cpp
  light.cpp
  コードを生成中...
  コンパイル中...
  mymodel.cpp
e:\gitfork\researchonmeta-ai-1\xr_framev2023_0930_vc2017_objloader\lib_objloader\objloader_seq.h(2): warning C4067: プリプロセッサ ディレクティブの後に余分な文字がありました - 改行が必要です
  myShape.cpp
  SerialIO.cpp
  sim.cpp
e:\gitfork\researchonmeta-ai-1\xr_framev2023_0930_vc2017_objloader\lib_objloader\objloader_seq.h(2): warning C4067: プリプロセッサ ディレクティブの後に余分な文字がありました - 改行が必要です
e:\gitfork\researchonmeta-ai-1\xr_framev2023_0930_vc2017_objloader\src\sim.cpp(19): fatal error C1083: include ファイルを開けません。'FrameRateCounter.h':No such file or directory
  tcpFunc.cpp
e:\gitfork\researchonmeta-ai-1\xr_framev2023_0930_vc2017_objloader\src\tcpfunc.cpp(85): warning C4996: 'inet_addr': Use inet_pton() or InetPton() instead or define _WINSOCK_DEPRECATED_NO_WARNINGS to disable deprecated API warnings
  c:\program files (x86)\windows kits\10\include\10.0.17763.0\um\winsock2.h(1831): note: 'inet_addr' の宣言を確認してください
  コードを生成中...
