  Material.cpp
  Mtl.cpp
E:\GitFork\ResearchOnMeta-AI-1\XR_FrameV2023_0930_VC2017_ObjLoader\lib_ObjLoader\Mtl.cpp(96,7): warning C4996: 'strcpy': This function or variable may be unsafe. Consider using strcpy_s instead. To disable deprecation, use _CRT_SECURE_NO_WARNINGS. See online help for details.
E:\GitFork\ResearchOnMeta-AI-1\XR_FrameV2023_0930_VC2017_ObjLoader\lib_ObjLoader\Mtl.cpp(199,7): warning C4996: 'strcpy': This function or variable may be unsafe. Consider using strcpy_s instead. To disable deprecation, use _CRT_SECURE_NO_WARNINGS. See online help for details.
E:\GitFork\ResearchOnMeta-AI-1\XR_FrameV2023_0930_VC2017_ObjLoader\lib_ObjLoader\Mtl.cpp(207,15): warning C4996: 'strtok': This function or variable may be unsafe. Consider using strtok_s instead. To disable deprecation, use _CRT_SECURE_NO_WARNINGS. See online help for details.
E:\GitFork\ResearchOnMeta-AI-1\XR_FrameV2023_0930_VC2017_ObjLoader\lib_ObjLoader\Mtl.cpp(212,17): warning C4996: 'strtok': This function or variable may be unsafe. Consider using strtok_s instead. To disable deprecation, use _CRT_SECURE_NO_WARNINGS. See online help for details.
E:\GitFork\ResearchOnMeta-AI-1\XR_FrameV2023_0930_VC2017_ObjLoader\lib_ObjLoader\Mtl.cpp(220,15): warning C4996: 'strtok': This function or variable may be unsafe. Consider using strtok_s instead. To disable deprecation, use _CRT_SECURE_NO_WARNINGS. See online help for details.
E:\GitFork\ResearchOnMeta-AI-1\XR_FrameV2023_0930_VC2017_ObjLoader\lib_ObjLoader\Mtl.cpp(225,17): warning C4996: 'strtok': This function or variable may be unsafe. Consider using strtok_s instead. To disable deprecation, use _CRT_SECURE_NO_WARNINGS. See online help for details.
E:\GitFork\ResearchOnMeta-AI-1\XR_FrameV2023_0930_VC2017_ObjLoader\lib_ObjLoader\Mtl.cpp(233,15): warning C4996: 'strtok': This function or variable may be unsafe. Consider using strtok_s instead. To disable deprecation, use _CRT_SECURE_NO_WARNINGS. See online help for details.
E:\GitFork\ResearchOnMeta-AI-1\XR_FrameV2023_0930_VC2017_ObjLoader\lib_ObjLoader\Mtl.cpp(240,17): warning C4996: 'strtok': This function or variable may be unsafe. Consider using strtok_s instead. To disable deprecation, use _CRT_SECURE_NO_WARNINGS. See online help for details.
E:\GitFork\ResearchOnMeta-AI-1\XR_FrameV2023_0930_VC2017_ObjLoader\lib_ObjLoader\Mtl.cpp(248,7): warning C4996: 'strcpy': This function or variable may be unsafe. Consider using strcpy_s instead. To disable deprecation, use _CRT_SECURE_NO_WARNINGS. See online help for details.
E:\GitFork\ResearchOnMeta-AI-1\XR_FrameV2023_0930_VC2017_ObjLoader\lib_ObjLoader\Mtl.cpp(255,7): warning C4996: 'strcpy': This function or variable may be unsafe. Consider using strcpy_s instead. To disable deprecation, use _CRT_SECURE_NO_WARNINGS. See online help for details.
E:\GitFork\ResearchOnMeta-AI-1\XR_FrameV2023_0930_VC2017_ObjLoader\lib_ObjLoader\Mtl.cpp(284,18): warning C4996: 'strtok': This function or variable may be unsafe. Consider using strtok_s instead. To disable deprecation, use _CRT_SECURE_NO_WARNINGS. See online help for details.
E:\GitFork\ResearchOnMeta-AI-1\XR_FrameV2023_0930_VC2017_ObjLoader\lib_ObjLoader\Mtl.cpp(292,20): warning C4996: 'strtok': This function or variable may be unsafe. Consider using strtok_s instead. To disable deprecation, use _CRT_SECURE_NO_WARNINGS. See online help for details.
  ObjData.cpp
  ObjDetailData.cpp
  ObjLoader.cpp
E:\GitFork\ResearchOnMeta-AI-1\XR_FrameV2023_0930_VC2017_ObjLoader\lib_ObjLoader\ObjLoader.cpp(184,7): warning C4101: 'tempCnt': ローカル変数は 1 度も使われていません。
E:\GitFork\ResearchOnMeta-AI-1\XR_FrameV2023_0930_VC2017_ObjLoader\lib_ObjLoader\ObjLoader.cpp(500,17): warning C4996: 'strtok': This function or variable may be unsafe. Consider using strtok_s instead. To disable deprecation, use _CRT_SECURE_NO_WARNINGS. See online help for details.
E:\GitFork\ResearchOnMeta-AI-1\XR_FrameV2023_0930_VC2017_ObjLoader\lib_ObjLoader\ObjLoader.cpp(501,52): warning C4996: 'strtok': This function or variable may be unsafe. Consider using strtok_s instead. To disable deprecation, use _CRT_SECURE_NO_WARNINGS. See online help for details.
E:\GitFork\ResearchOnMeta-AI-1\XR_FrameV2023_0930_VC2017_ObjLoader\lib_ObjLoader\ObjLoader.cpp(514,17): warning C4996: 'strtok': This function or variable may be unsafe. Consider using strtok_s instead. To disable deprecation, use _CRT_SECURE_NO_WARNINGS. See online help for details.
E:\GitFork\ResearchOnMeta-AI-1\XR_FrameV2023_0930_VC2017_ObjLoader\lib_ObjLoader\ObjLoader.cpp(515,52): warning C4996: 'strtok': This function or variable may be unsafe. Consider using strtok_s instead. To disable deprecation, use _CRT_SECURE_NO_WARNINGS. See online help for details.
E:\GitFork\ResearchOnMeta-AI-1\XR_FrameV2023_0930_VC2017_ObjLoader\lib_ObjLoader\ObjLoader.cpp(540,17): warning C4996: 'strtok': This function or variable may be unsafe. Consider using strtok_s instead. To disable deprecation, use _CRT_SECURE_NO_WARNINGS. See online help for details.
E:\GitFork\ResearchOnMeta-AI-1\XR_FrameV2023_0930_VC2017_ObjLoader\lib_ObjLoader\ObjLoader.cpp(546,54): warning C4996: 'strtok': This function or variable may be unsafe. Consider using strtok_s instead. To disable deprecation, use _CRT_SECURE_NO_WARNINGS. See online help for details.
E:\GitFork\ResearchOnMeta-AI-1\XR_FrameV2023_0930_VC2017_ObjLoader\lib_ObjLoader\ObjLoader.cpp(566,15): warning C4996: 'strtok': This function or variable may be unsafe. Consider using strtok_s instead. To disable deprecation, use _CRT_SECURE_NO_WARNINGS. See online help for details.
E:\GitFork\ResearchOnMeta-AI-1\XR_FrameV2023_0930_VC2017_ObjLoader\lib_ObjLoader\ObjLoader.cpp(572,17): warning C4996: 'strtok': This function or variable may be unsafe. Consider using strtok_s instead. To disable deprecation, use _CRT_SECURE_NO_WARNINGS. See online help for details.
E:\GitFork\ResearchOnMeta-AI-1\XR_FrameV2023_0930_VC2017_ObjLoader\lib_ObjLoader\ObjLoader.cpp(585,17): warning C4996: 'strtok': This function or variable may be unsafe. Consider using strtok_s instead. To disable deprecation, use _CRT_SECURE_NO_WARNINGS. See online help for details.
E:\GitFork\ResearchOnMeta-AI-1\XR_FrameV2023_0930_VC2017_ObjLoader\lib_ObjLoader\ObjLoader.cpp(586,52): warning C4996: 'strtok': This function or variable may be unsafe. Consider using strtok_s instead. To disable deprecation, use _CRT_SECURE_NO_WARNINGS. See online help for details.
  ObjLoader_Seq.cpp
E:\GitFork\ResearchOnMeta-AI-1\XR_FrameV2023_0930_VC2017_ObjLoader\lib_ObjLoader\ObjLoader_Seq.h(2,10): warning C4067: プリプロセッサ ディレクティブの後に余分な文字がありました - 改行が必要です
E:\GitFork\ResearchOnMeta-AI-1\XR_FrameV2023_0930_VC2017_ObjLoader\lib_ObjLoader\ObjLoader_Seq.cpp(32,3): warning C4996: 'sprintf': This function or variable may be unsafe. Consider using sprintf_s instead. To disable deprecation, use _CRT_SECURE_NO_WARNINGS. See online help for details.
E:\GitFork\ResearchOnMeta-AI-1\XR_FrameV2023_0930_VC2017_ObjLoader\lib_ObjLoader\ObjLoader_Seq.cpp(65,23): warning C4018: '<=': signed と unsigned の数値を比較しようとしました。
E:\GitFork\ResearchOnMeta-AI-1\XR_FrameV2023_0930_VC2017_ObjLoader\lib_ObjLoader\ObjLoader_Seq.cpp(80,22): warning C4018: '<=': signed と unsigned の数値を比較しようとしました。
E:\GitFork\ResearchOnMeta-AI-1\XR_FrameV2023_0930_VC2017_ObjLoader\lib_ObjLoader\ObjLoader_Seq.cpp(92,22): warning C4018: '<=': signed と unsigned の数値を比較しようとしました。
  PngImage.cpp
E:\GitFork\ResearchOnMeta-AI-1\XR_FrameV2023_0930_VC2017_ObjLoader\lib_ObjLoader\PngImage.cpp(37,14): warning C4996: 'fopen': This function or variable may be unsafe. Consider using fopen_s instead. To disable deprecation, use _CRT_SECURE_NO_WARNINGS. See online help for details.
E:\GitFork\ResearchOnMeta-AI-1\XR_FrameV2023_0930_VC2017_ObjLoader\lib_ObjLoader\PngImage.cpp(112,14): warning C4996: 'fopen': This function or variable may be unsafe. Consider using fopen_s instead. To disable deprecation, use _CRT_SECURE_NO_WARNINGS. See online help for details.
  ThreedVector.cpp
  calc.cpp
  Com.cpp
E:\GitFork\ResearchOnMeta-AI-1\XR_FrameV2023_0930_VC2017_ObjLoader\src\Com.cpp(217,26): warning C4334: '<<': 32 ビット シフトの結果が暗黙的に 64 ビットに変換されました (64 ビット シフトに意図的に変換しようとしましたか?)
E:\GitFork\ResearchOnMeta-AI-1\XR_FrameV2023_0930_VC2017_ObjLoader\src\Com.cpp(269): warning C4334: '<<': 32 ビット シフトの結果が暗黙的に 64 ビットに変換されました (64 ビット シフトに意図的に変換しようとしましたか?)
  depth.cpp
  draw.cpp
E:\GitFork\ResearchOnMeta-AI-1\XR_FrameV2023_0930_VC2017_ObjLoader\lib_ObjLoader\ObjLoader_Seq.h(2,10): warning C4067: プリプロセッサ ディレクティブの後に余分な文字がありました - 改行が必要です
  ezFont.cpp
  ezJpeg.cpp
  ezWebCam.cpp
  image.cpp
  ezMIDI.cpp
  ezUtil.cpp
  FrameRateCounter.cpp
E:\GitFork\ResearchOnMeta-AI-1\XR_FrameV2023_0930_VC2017_ObjLoader\src\FrameRateCounter.cpp(23,22): warning C4244: '初期化中': 'double' から 'float' への変換です。データが失われる可能性があります。
  gyro.cpp
  コードを生成中...
  コンパイル中...
  light.cpp
  mymodel.cpp
E:\GitFork\ResearchOnMeta-AI-1\XR_FrameV2023_0930_VC2017_ObjLoader\lib_ObjLoader\ObjLoader_seq.h(2,10): warning C4067: プリプロセッサ ディレクティブの後に余分な文字がありました - 改行が必要です
  myShape.cpp
  QLearning.cpp
  SerialIO.cpp
  sim.cpp
E:\GitFork\ResearchOnMeta-AI-1\XR_FrameV2023_0930_VC2017_ObjLoader\lib_ObjLoader\ObjLoader_Seq.h(2,10): warning C4067: プリプロセッサ ディレクティブの後に余分な文字がありました - 改行が必要です
E:\GitFork\ResearchOnMeta-AI-1\XR_FrameV2023_0930_VC2017_ObjLoader\src\sim.cpp(396,19): warning C4553: '==': 式の結果が使用されていません。'=' を意図していますか?
  tcpFunc.cpp
E:\GitFork\ResearchOnMeta-AI-1\XR_FrameV2023_0930_VC2017_ObjLoader\src\tcpFunc.cpp(85,34): warning C4996: 'inet_addr': Use inet_pton() or InetPton() instead or define _WINSOCK_DEPRECATED_NO_WARNINGS to disable deprecated API warnings
  WaitProcess.cpp
  cylindrical.cpp
  warptex.cpp
E:\GitFork\ResearchOnMeta-AI-1\XR_FrameV2023_0930_VC2017_ObjLoader\vrframe2020_v1\warptex.cpp(364,2): warning C4996: 'vsprintf': This function or variable may be unsafe. Consider using vsprintf_s instead. To disable deprecation, use _CRT_SECURE_NO_WARNINGS. See online help for details.
  ezTrack.cpp
  hmd.cpp
  keyboard.cpp
  main.cpp
  mouse.cpp
  projview.cpp
  stereo.cpp
  コードを生成中...
  GLMetaseq.c
  isense.c
  コードを生成中...
  libpng16.lib(pngread.obj) : MSIL .netmodule または /GL を伴ってコンパイルされたモジュールが見つかりました。/LTCG を使用して再開始してください。リンカーのパフォーマンスを向上させるためには、コマンドラインに /LTCG を追加してください。
LINK : warning LNK4075: /INCREMENTAL は /LTCG の指定によって無視されます。
     ライブラリ E:\GitFork\ResearchOnMeta-AI-1\XR_FrameV2023_0930_VC2017_ObjLoader\Debug\vrframe2020_v1.lib とオブジェクト E:\GitFork\ResearchOnMeta-AI-1\XR_FrameV2023_0930_VC2017_ObjLoader\Debug\vrframe2020_v1.exp を作成中
LINK : warning LNK4098: defaultlib 'LIBCMT' は他のライブラリの使用と競合しています。/NODEFAULTLIB:library を使用してください。
  コード生成しています。
  コード生成が終了しました。
libpng16.lib(pngread.obj) : warning LNK4099: PDB '' が 'libpng16.lib(pngread.obj)' で、または '' に見つかりません。デバッグ情報がないものとして、オブジェクトにリンクします。
libpng16.lib(pngwrite.obj) : warning LNK4099: PDB '' が 'libpng16.lib(pngwrite.obj)' で、または '' に見つかりません。デバッグ情報がないものとして、オブジェクトにリンクします。
libpng16.lib(png.obj) : warning LNK4099: PDB '' が 'libpng16.lib(png.obj)' で、または '' に見つかりません。デバッグ情報がないものとして、オブジェクトにリンクします。
libpng16.lib(pngget.obj) : warning LNK4099: PDB '' が 'libpng16.lib(pngget.obj)' で、または '' に見つかりません。デバッグ情報がないものとして、オブジェクトにリンクします。
libpng16.lib(pngset.obj) : warning LNK4099: PDB '' が 'libpng16.lib(pngset.obj)' で、または '' に見つかりません。デバッグ情報がないものとして、オブジェクトにリンクします。
libpng16.lib(pngrio.obj) : warning LNK4099: PDB '' が 'libpng16.lib(pngrio.obj)' で、または '' に見つかりません。デバッグ情報がないものとして、オブジェクトにリンクします。
libpng16.lib(pngrutil.obj) : warning LNK4099: PDB '' が 'libpng16.lib(pngrutil.obj)' で、または '' に見つかりません。デバッグ情報がないものとして、オブジェクトにリンクします。
libpng16.lib(pngerror.obj) : warning LNK4099: PDB '' が 'libpng16.lib(pngerror.obj)' で、または '' に見つかりません。デバッグ情報がないものとして、オブジェクトにリンクします。
libpng16.lib(pngrtran.obj) : warning LNK4099: PDB '' が 'libpng16.lib(pngrtran.obj)' で、または '' に見つかりません。デバッグ情報がないものとして、オブジェクトにリンクします。
libpng16.lib(pngtrans.obj) : warning LNK4099: PDB '' が 'libpng16.lib(pngtrans.obj)' で、または '' に見つかりません。デバッグ情報がないものとして、オブジェクトにリンクします。
libpng16.lib(pngmem.obj) : warning LNK4099: PDB '' が 'libpng16.lib(pngmem.obj)' で、または '' に見つかりません。デバッグ情報がないものとして、オブジェクトにリンクします。
libpng16.lib(pngwutil.obj) : warning LNK4099: PDB '' が 'libpng16.lib(pngwutil.obj)' で、または '' に見つかりません。デバッグ情報がないものとして、オブジェクトにリンクします。
libpng16.lib(pngwio.obj) : warning LNK4099: PDB '' が 'libpng16.lib(pngwio.obj)' で、または '' に見つかりません。デバッグ情報がないものとして、オブジェクトにリンクします。
libpng16.lib(pngwtran.obj) : warning LNK4099: PDB '' が 'libpng16.lib(pngwtran.obj)' で、または '' に見つかりません。デバッグ情報がないものとして、オブジェクトにリンクします。
zlib.lib(inflate.obj) : warning LNK4099: PDB '' が 'zlib.lib(inflate.obj)' で、または '' に見つかりません。デバッグ情報がないものとして、オブジェクトにリンクします。
zlib.lib(deflate.obj) : warning LNK4099: PDB '' が 'zlib.lib(deflate.obj)' で、または '' に見つかりません。デバッグ情報がないものとして、オブジェクトにリンクします。
zlib.lib(adler32.obj) : warning LNK4099: PDB '' が 'zlib.lib(adler32.obj)' で、または '' に見つかりません。デバッグ情報がないものとして、オブジェクトにリンクします。
zlib.lib(crc32.obj) : warning LNK4099: PDB '' が 'zlib.lib(crc32.obj)' で、または '' に見つかりません。デバッグ情報がないものとして、オブジェクトにリンクします。
zlib.lib(inftrees.obj) : warning LNK4099: PDB '' が 'zlib.lib(inftrees.obj)' で、または '' に見つかりません。デバッグ情報がないものとして、オブジェクトにリンクします。
zlib.lib(inffast.obj) : warning LNK4099: PDB '' が 'zlib.lib(inffast.obj)' で、または '' に見つかりません。デバッグ情報がないものとして、オブジェクトにリンクします。
zlib.lib(zutil.obj) : warning LNK4099: PDB '' が 'zlib.lib(zutil.obj)' で、または '' に見つかりません。デバッグ情報がないものとして、オブジェクトにリンクします。
zlib.lib(trees.obj) : warning LNK4099: PDB '' が 'zlib.lib(trees.obj)' で、または '' に見つかりません。デバッグ情報がないものとして、オブジェクトにリンクします。
libjpeg.lib(jaricom.obj) : warning LNK4099: PDB '' が 'libjpeg.lib(jaricom.obj)' で、または '' に見つかりません。デバッグ情報がないものとして、オブジェクトにリンクします。
libjpeg.lib(jcapimin.obj) : warning LNK4099: PDB '' が 'libjpeg.lib(jcapimin.obj)' で、または '' に見つかりません。デバッグ情報がないものとして、オブジェクトにリンクします。
libjpeg.lib(jcapistd.obj) : warning LNK4099: PDB '' が 'libjpeg.lib(jcapistd.obj)' で、または '' に見つかりません。デバッグ情報がないものとして、オブジェクトにリンクします。
libjpeg.lib(jcarith.obj) : warning LNK4099: PDB '' が 'libjpeg.lib(jcarith.obj)' で、または '' に見つかりません。デバッグ情報がないものとして、オブジェクトにリンクします。
libjpeg.lib(jccoefct.obj) : warning LNK4099: PDB '' が 'libjpeg.lib(jccoefct.obj)' で、または '' に見つかりません。デバッグ情報がないものとして、オブジェクトにリンクします。
libjpeg.lib(jccolor.obj) : warning LNK4099: PDB '' が 'libjpeg.lib(jccolor.obj)' で、または '' に見つかりません。デバッグ情報がないものとして、オブジェクトにリンクします。
libjpeg.lib(jcdctmgr.obj) : warning LNK4099: PDB '' が 'libjpeg.lib(jcdctmgr.obj)' で、または '' に見つかりません。デバッグ情報がないものとして、オブジェクトにリンクします。
libjpeg.lib(jchuff.obj) : warning LNK4099: PDB '' が 'libjpeg.lib(jchuff.obj)' で、または '' に見つかりません。デバッグ情報がないものとして、オブジェクトにリンクします。
libjpeg.lib(jcinit.obj) : warning LNK4099: PDB '' が 'libjpeg.lib(jcinit.obj)' で、または '' に見つかりません。デバッグ情報がないものとして、オブジェクトにリンクします。
libjpeg.lib(jcmainct.obj) : warning LNK4099: PDB '' が 'libjpeg.lib(jcmainct.obj)' で、または '' に見つかりません。デバッグ情報がないものとして、オブジェクトにリンクします。
libjpeg.lib(jcmarker.obj) : warning LNK4099: PDB '' が 'libjpeg.lib(jcmarker.obj)' で、または '' に見つかりません。デバッグ情報がないものとして、オブジェクトにリンクします。
libjpeg.lib(jcmaster.obj) : warning LNK4099: PDB '' が 'libjpeg.lib(jcmaster.obj)' で、または '' に見つかりません。デバッグ情報がないものとして、オブジェクトにリンクします。
libjpeg.lib(jcomapi.obj) : warning LNK4099: PDB '' が 'libjpeg.lib(jcomapi.obj)' で、または '' に見つかりません。デバッグ情報がないものとして、オブジェクトにリンクします。
libjpeg.lib(jcparam.obj) : warning LNK4099: PDB '' が 'libjpeg.lib(jcparam.obj)' で、または '' に見つかりません。デバッグ情報がないものとして、オブジェクトにリンクします。
libjpeg.lib(jcprepct.obj) : warning LNK4099: PDB '' が 'libjpeg.lib(jcprepct.obj)' で、または '' に見つかりません。デバッグ情報がないものとして、オブジェクトにリンクします。
libjpeg.lib(jcsample.obj) : warning LNK4099: PDB '' が 'libjpeg.lib(jcsample.obj)' で、または '' に見つかりません。デバッグ情報がないものとして、オブジェクトにリンクします。
libjpeg.lib(jdapimin.obj) : warning LNK4099: PDB '' が 'libjpeg.lib(jdapimin.obj)' で、または '' に見つかりません。デバッグ情報がないものとして、オブジェクトにリンクします。
libjpeg.lib(jdapistd.obj) : warning LNK4099: PDB '' が 'libjpeg.lib(jdapistd.obj)' で、または '' に見つかりません。デバッグ情報がないものとして、オブジェクトにリンクします。
libjpeg.lib(jdarith.obj) : warning LNK4099: PDB '' が 'libjpeg.lib(jdarith.obj)' で、または '' に見つかりません。デバッグ情報がないものとして、オブジェクトにリンクします。
libjpeg.lib(jdatadst.obj) : warning LNK4099: PDB '' が 'libjpeg.lib(jdatadst.obj)' で、または '' に見つかりません。デバッグ情報がないものとして、オブジェクトにリンクします。
libjpeg.lib(jdatasrc.obj) : warning LNK4099: PDB '' が 'libjpeg.lib(jdatasrc.obj)' で、または '' に見つかりません。デバッグ情報がないものとして、オブジェクトにリンクします。
libjpeg.lib(jdcoefct.obj) : warning LNK4099: PDB '' が 'libjpeg.lib(jdcoefct.obj)' で、または '' に見つかりません。デバッグ情報がないものとして、オブジェクトにリンクします。
libjpeg.lib(jdcolor.obj) : warning LNK4099: PDB '' が 'libjpeg.lib(jdcolor.obj)' で、または '' に見つかりません。デバッグ情報がないものとして、オブジェクトにリンクします。
libjpeg.lib(jddctmgr.obj) : warning LNK4099: PDB '' が 'libjpeg.lib(jddctmgr.obj)' で、または '' に見つかりません。デバッグ情報がないものとして、オブジェクトにリンクします。
libjpeg.lib(jdhuff.obj) : warning LNK4099: PDB '' が 'libjpeg.lib(jdhuff.obj)' で、または '' に見つかりません。デバッグ情報がないものとして、オブジェクトにリンクします。
libjpeg.lib(jdinput.obj) : warning LNK4099: PDB '' が 'libjpeg.lib(jdinput.obj)' で、または '' に見つかりません。デバッグ情報がないものとして、オブジェクトにリンクします。
libjpeg.lib(jdmainct.obj) : warning LNK4099: PDB '' が 'libjpeg.lib(jdmainct.obj)' で、または '' に見つかりません。デバッグ情報がないものとして、オブジェクトにリンクします。
libjpeg.lib(jdmarker.obj) : warning LNK4099: PDB '' が 'libjpeg.lib(jdmarker.obj)' で、または '' に見つかりません。デバッグ情報がないものとして、オブジェクトにリンクします。
libjpeg.lib(jdmaster.obj) : warning LNK4099: PDB '' が 'libjpeg.lib(jdmaster.obj)' で、または '' に見つかりません。デバッグ情報がないものとして、オブジェクトにリンクします。
libjpeg.lib(jdmerge.obj) : warning LNK4099: PDB '' が 'libjpeg.lib(jdmerge.obj)' で、または '' に見つかりません。デバッグ情報がないものとして、オブジェクトにリンクします。
libjpeg.lib(jdpostct.obj) : warning LNK4099: PDB '' が 'libjpeg.lib(jdpostct.obj)' で、または '' に見つかりません。デバッグ情報がないものとして、オブジェクトにリンクします。
libjpeg.lib(jdsample.obj) : warning LNK4099: PDB '' が 'libjpeg.lib(jdsample.obj)' で、または '' に見つかりません。デバッグ情報がないものとして、オブジェクトにリンクします。
libjpeg.lib(jerror.obj) : warning LNK4099: PDB '' が 'libjpeg.lib(jerror.obj)' で、または '' に見つかりません。デバッグ情報がないものとして、オブジェクトにリンクします。
libjpeg.lib(jfdctflt.obj) : warning LNK4099: PDB '' が 'libjpeg.lib(jfdctflt.obj)' で、または '' に見つかりません。デバッグ情報がないものとして、オブジェクトにリンクします。
libjpeg.lib(jfdctfst.obj) : warning LNK4099: PDB '' が 'libjpeg.lib(jfdctfst.obj)' で、または '' に見つかりません。デバッグ情報がないものとして、オブジェクトにリンクします。
libjpeg.lib(jfdctint.obj) : warning LNK4099: PDB '' が 'libjpeg.lib(jfdctint.obj)' で、または '' に見つかりません。デバッグ情報がないものとして、オブジェクトにリンクします。
libjpeg.lib(jidctflt.obj) : warning LNK4099: PDB '' が 'libjpeg.lib(jidctflt.obj)' で、または '' に見つかりません。デバッグ情報がないものとして、オブジェクトにリンクします。
libjpeg.lib(jidctfst.obj) : warning LNK4099: PDB '' が 'libjpeg.lib(jidctfst.obj)' で、または '' に見つかりません。デバッグ情報がないものとして、オブジェクトにリンクします。
libjpeg.lib(jidctint.obj) : warning LNK4099: PDB '' が 'libjpeg.lib(jidctint.obj)' で、または '' に見つかりません。デバッグ情報がないものとして、オブジェクトにリンクします。
libjpeg.lib(jmemmgr.obj) : warning LNK4099: PDB '' が 'libjpeg.lib(jmemmgr.obj)' で、または '' に見つかりません。デバッグ情報がないものとして、オブジェクトにリンクします。
libjpeg.lib(jmemnobs.obj) : warning LNK4099: PDB '' が 'libjpeg.lib(jmemnobs.obj)' で、または '' に見つかりません。デバッグ情報がないものとして、オブジェクトにリンクします。
libjpeg.lib(jquant1.obj) : warning LNK4099: PDB '' が 'libjpeg.lib(jquant1.obj)' で、または '' に見つかりません。デバッグ情報がないものとして、オブジェクトにリンクします。
libjpeg.lib(jquant2.obj) : warning LNK4099: PDB '' が 'libjpeg.lib(jquant2.obj)' で、または '' に見つかりません。デバッグ情報がないものとして、オブジェクトにリンクします。
libjpeg.lib(jutils.obj) : warning LNK4099: PDB '' が 'libjpeg.lib(jutils.obj)' で、または '' に見つかりません。デバッグ情報がないものとして、オブジェクトにリンクします。
  vrframe2020_v1.vcxproj -> E:\GitFork\ResearchOnMeta-AI-1\XR_FrameV2023_0930_VC2017_ObjLoader\Debug\vrframe2020_v1.exe
