e:\gitfork\researchonmeta-ai-1\xr_framev2023_0930_vc2017_objloader\vrframe2020_v1\debug\vc143.pdb
e:\gitfork\researchonmeta-ai-1\xr_framev2023_0930_vc2017_objloader\vrframe2020_v1\debug\vc143.idb
e:\gitfork\researchonmeta-ai-1\xr_framev2023_0930_vc2017_objloader\vrframe2020_v1\debug\gyro.obj
e:\gitfork\researchonmeta-ai-1\xr_framev2023_0930_vc2017_objloader\vrframe2020_v1\debug\frameratecounter.obj
e:\gitfork\researchonmeta-ai-1\xr_framev2023_0930_vc2017_objloader\vrframe2020_v1\debug\ezutil.obj
e:\gitfork\researchonmeta-ai-1\xr_framev2023_0930_vc2017_objloader\vrframe2020_v1\debug\ezmidi.obj
e:\gitfork\researchonmeta-ai-1\xr_framev2023_0930_vc2017_objloader\vrframe2020_v1\debug\image.obj
e:\gitfork\researchonmeta-ai-1\xr_framev2023_0930_vc2017_objloader\vrframe2020_v1\debug\ezwebcam.obj
e:\gitfork\researchonmeta-ai-1\xr_framev2023_0930_vc2017_objloader\vrframe2020_v1\debug\ezjpeg.obj
e:\gitfork\researchonmeta-ai-1\xr_framev2023_0930_vc2017_objloader\vrframe2020_v1\debug\ezfont.obj
e:\gitfork\researchonmeta-ai-1\xr_framev2023_0930_vc2017_objloader\vrframe2020_v1\debug\draw.obj
e:\gitfork\researchonmeta-ai-1\xr_framev2023_0930_vc2017_objloader\vrframe2020_v1\debug\depth.obj
e:\gitfork\researchonmeta-ai-1\xr_framev2023_0930_vc2017_objloader\vrframe2020_v1\debug\com.obj
e:\gitfork\researchonmeta-ai-1\xr_framev2023_0930_vc2017_objloader\vrframe2020_v1\debug\calc.obj
e:\gitfork\researchonmeta-ai-1\xr_framev2023_0930_vc2017_objloader\vrframe2020_v1\debug\threedvector.obj
e:\gitfork\researchonmeta-ai-1\xr_framev2023_0930_vc2017_objloader\vrframe2020_v1\debug\pngimage.obj
e:\gitfork\researchonmeta-ai-1\xr_framev2023_0930_vc2017_objloader\vrframe2020_v1\debug\objloader_seq.obj
e:\gitfork\researchonmeta-ai-1\xr_framev2023_0930_vc2017_objloader\vrframe2020_v1\debug\objloader.obj
e:\gitfork\researchonmeta-ai-1\xr_framev2023_0930_vc2017_objloader\vrframe2020_v1\debug\objdetaildata.obj
e:\gitfork\researchonmeta-ai-1\xr_framev2023_0930_vc2017_objloader\vrframe2020_v1\debug\objdata.obj
e:\gitfork\researchonmeta-ai-1\xr_framev2023_0930_vc2017_objloader\vrframe2020_v1\debug\mtl.obj
e:\gitfork\researchonmeta-ai-1\xr_framev2023_0930_vc2017_objloader\vrframe2020_v1\debug\material.obj
e:\gitfork\researchonmeta-ai-1\xr_framev2023_0930_vc2017_objloader\vrframe2020_v1\debug\stereo.obj
e:\gitfork\researchonmeta-ai-1\xr_framev2023_0930_vc2017_objloader\vrframe2020_v1\debug\projview.obj
e:\gitfork\researchonmeta-ai-1\xr_framev2023_0930_vc2017_objloader\vrframe2020_v1\debug\mouse.obj
e:\gitfork\researchonmeta-ai-1\xr_framev2023_0930_vc2017_objloader\vrframe2020_v1\debug\main.obj
e:\gitfork\researchonmeta-ai-1\xr_framev2023_0930_vc2017_objloader\vrframe2020_v1\debug\keyboard.obj
e:\gitfork\researchonmeta-ai-1\xr_framev2023_0930_vc2017_objloader\vrframe2020_v1\debug\hmd.obj
e:\gitfork\researchonmeta-ai-1\xr_framev2023_0930_vc2017_objloader\vrframe2020_v1\debug\eztrack.obj
e:\gitfork\researchonmeta-ai-1\xr_framev2023_0930_vc2017_objloader\vrframe2020_v1\debug\warptex.obj
e:\gitfork\researchonmeta-ai-1\xr_framev2023_0930_vc2017_objloader\vrframe2020_v1\debug\cylindrical.obj
e:\gitfork\researchonmeta-ai-1\xr_framev2023_0930_vc2017_objloader\vrframe2020_v1\debug\waitprocess.obj
e:\gitfork\researchonmeta-ai-1\xr_framev2023_0930_vc2017_objloader\vrframe2020_v1\debug\tcpfunc.obj
e:\gitfork\researchonmeta-ai-1\xr_framev2023_0930_vc2017_objloader\vrframe2020_v1\debug\sim.obj
e:\gitfork\researchonmeta-ai-1\xr_framev2023_0930_vc2017_objloader\vrframe2020_v1\debug\serialio.obj
e:\gitfork\researchonmeta-ai-1\xr_framev2023_0930_vc2017_objloader\vrframe2020_v1\debug\qlearning.obj
e:\gitfork\researchonmeta-ai-1\xr_framev2023_0930_vc2017_objloader\vrframe2020_v1\debug\myshape.obj
e:\gitfork\researchonmeta-ai-1\xr_framev2023_0930_vc2017_objloader\vrframe2020_v1\debug\mymodel.obj
e:\gitfork\researchonmeta-ai-1\xr_framev2023_0930_vc2017_objloader\vrframe2020_v1\debug\light.obj
e:\gitfork\researchonmeta-ai-1\xr_framev2023_0930_vc2017_objloader\vrframe2020_v1\debug\isense.obj
e:\gitfork\researchonmeta-ai-1\xr_framev2023_0930_vc2017_objloader\vrframe2020_v1\debug\glmetaseq.obj
e:\gitfork\researchonmeta-ai-1\xr_framev2023_0930_vc2017_objloader\debug\vrframe2020_v1.lib
e:\gitfork\researchonmeta-ai-1\xr_framev2023_0930_vc2017_objloader\debug\vrframe2020_v1.exp
e:\gitfork\researchonmeta-ai-1\xr_framev2023_0930_vc2017_objloader\debug\vrframe2020_v1.exe
e:\gitfork\researchonmeta-ai-1\xr_framev2023_0930_vc2017_objloader\debug\vrframe2020_v1.pdb
e:\gitfork\researchonmeta-ai-1\xr_framev2023_0930_vc2017_objloader\vrframe2020_v1\debug\vrframe2020_v1.tlog\cl.command.1.tlog
e:\gitfork\researchonmeta-ai-1\xr_framev2023_0930_vc2017_objloader\vrframe2020_v1\debug\vrframe2020_v1.tlog\cl.items.tlog
e:\gitfork\researchonmeta-ai-1\xr_framev2023_0930_vc2017_objloader\vrframe2020_v1\debug\vrframe2020_v1.tlog\cl.read.1.tlog
e:\gitfork\researchonmeta-ai-1\xr_framev2023_0930_vc2017_objloader\vrframe2020_v1\debug\vrframe2020_v1.tlog\cl.write.1.tlog
e:\gitfork\researchonmeta-ai-1\xr_framev2023_0930_vc2017_objloader\vrframe2020_v1\debug\vrframe2020_v1.tlog\link.command.1.tlog
e:\gitfork\researchonmeta-ai-1\xr_framev2023_0930_vc2017_objloader\vrframe2020_v1\debug\vrframe2020_v1.tlog\link.read.1.tlog
e:\gitfork\researchonmeta-ai-1\xr_framev2023_0930_vc2017_objloader\vrframe2020_v1\debug\vrframe2020_v1.tlog\link.write.1.tlog
e:\gitfork\researchonmeta-ai-1\xr_framev2023_0930_vc2017_objloader\vrframe2020_v1\debug\vrframe2020_v1.tlog\link.write.2u.tlog
