g:\プログラム教材アップデート作業\xr_framev2023_0930_vc2017_objloader\vrframe2020_v1\release\vc141.pdb
g:\プログラム教材アップデート作業\xr_framev2023_0930_vc2017_objloader\vrframe2020_v1\release\gyro.obj
g:\プログラム教材アップデート作業\xr_framev2023_0930_vc2017_objloader\vrframe2020_v1\release\ezmidi.obj
g:\プログラム教材アップデート作業\xr_framev2023_0930_vc2017_objloader\vrframe2020_v1\release\ezwebcam.obj
g:\プログラム教材アップデート作業\xr_framev2023_0930_vc2017_objloader\vrframe2020_v1\release\ezjpeg.obj
g:\プログラム教材アップデート作業\xr_framev2023_0930_vc2017_objloader\vrframe2020_v1\release\ezfont.obj
g:\プログラム教材アップデート作業\xr_framev2023_0930_vc2017_objloader\vrframe2020_v1\release\com.obj
g:\プログラム教材アップデート作業\xr_framev2023_0930_vc2017_objloader\vrframe2020_v1\release\threedvector.obj
g:\プログラム教材アップデート作業\xr_framev2023_0930_vc2017_objloader\vrframe2020_v1\release\pngimage.obj
g:\プログラム教材アップデート作業\xr_framev2023_0930_vc2017_objloader\vrframe2020_v1\release\objloader_seq.obj
g:\プログラム教材アップデート作業\xr_framev2023_0930_vc2017_objloader\vrframe2020_v1\release\objloader.obj
g:\プログラム教材アップデート作業\xr_framev2023_0930_vc2017_objloader\vrframe2020_v1\release\objdetaildata.obj
g:\プログラム教材アップデート作業\xr_framev2023_0930_vc2017_objloader\vrframe2020_v1\release\objdata.obj
g:\プログラム教材アップデート作業\xr_framev2023_0930_vc2017_objloader\vrframe2020_v1\release\mtl.obj
g:\プログラム教材アップデート作業\xr_framev2023_0930_vc2017_objloader\vrframe2020_v1\release\material.obj
g:\プログラム教材アップデート作業\xr_framev2023_0930_vc2017_objloader\vrframe2020_v1\release\warptex.obj
g:\プログラム教材アップデート作業\xr_framev2023_0930_vc2017_objloader\vrframe2020_v1\release\tcpfunc.obj
g:\プログラム教材アップデート作業\xr_framev2023_0930_vc2017_objloader\vrframe2020_v1\release\serialio.obj
g:\プログラム教材アップデート作業\xr_framev2023_0930_vc2017_objloader\vrframe2020_v1\release\vrframe2020_v1.tlog\cl.read.1.tlog
g:\プログラム教材アップデート作業\xr_framev2023_0930_vc2017_objloader\vrframe2020_v1\release\vrframe2020_v1.tlog\cl.write.1.tlog
g:\プログラム教材アップデート作業\xr_framev2023_0930_vc2017_objloader\vrframe2020_v1\release\vrframe2020_v1.tlog\cl.command.1.tlog
