  Material.cpp
  Mtl.cpp
g:\プログラム教材アップデート作業\xr_framev2023_0930_vc2017_objloader\lib_objloader\mtl.cpp(96): warning C4996: 'strcpy': This function or variable may be unsafe. Consider using strcpy_s instead. To disable deprecation, use _CRT_SECURE_NO_WARNINGS. See online help for details.
  c:\program files (x86)\windows kits\10\include\10.0.17763.0\ucrt\string.h(133): note: 'strcpy' の宣言を確認してください
g:\プログラム教材アップデート作業\xr_framev2023_0930_vc2017_objloader\lib_objloader\mtl.cpp(199): warning C4996: 'strcpy': This function or variable may be unsafe. Consider using strcpy_s instead. To disable deprecation, use _CRT_SECURE_NO_WARNINGS. See online help for details.
  c:\program files (x86)\windows kits\10\include\10.0.17763.0\ucrt\string.h(133): note: 'strcpy' の宣言を確認してください
g:\プログラム教材アップデート作業\xr_framev2023_0930_vc2017_objloader\lib_objloader\mtl.cpp(248): warning C4996: 'strcpy': This function or variable may be unsafe. Consider using strcpy_s instead. To disable deprecation, use _CRT_SECURE_NO_WARNINGS. See online help for details.
  c:\program files (x86)\windows kits\10\include\10.0.17763.0\ucrt\string.h(133): note: 'strcpy' の宣言を確認してください
g:\プログラム教材アップデート作業\xr_framev2023_0930_vc2017_objloader\lib_objloader\mtl.cpp(255): warning C4996: 'strcpy': This function or variable may be unsafe. Consider using strcpy_s instead. To disable deprecation, use _CRT_SECURE_NO_WARNINGS. See online help for details.
  c:\program files (x86)\windows kits\10\include\10.0.17763.0\ucrt\string.h(133): note: 'strcpy' の宣言を確認してください
g:\プログラム教材アップデート作業\xr_framev2023_0930_vc2017_objloader\lib_objloader\mtl.cpp(207): warning C4996: 'strtok': This function or variable may be unsafe. Consider using strtok_s instead. To disable deprecation, use _CRT_SECURE_NO_WARNINGS. See online help for details.
  c:\program files (x86)\windows kits\10\include\10.0.17763.0\ucrt\string.h(440): note: 'strtok' の宣言を確認してください
g:\プログラム教材アップデート作業\xr_framev2023_0930_vc2017_objloader\lib_objloader\mtl.cpp(212): warning C4996: 'strtok': This function or variable may be unsafe. Consider using strtok_s instead. To disable deprecation, use _CRT_SECURE_NO_WARNINGS. See online help for details.
  c:\program files (x86)\windows kits\10\include\10.0.17763.0\ucrt\string.h(440): note: 'strtok' の宣言を確認してください
g:\プログラム教材アップデート作業\xr_framev2023_0930_vc2017_objloader\lib_objloader\mtl.cpp(220): warning C4996: 'strtok': This function or variable may be unsafe. Consider using strtok_s instead. To disable deprecation, use _CRT_SECURE_NO_WARNINGS. See online help for details.
  c:\program files (x86)\windows kits\10\include\10.0.17763.0\ucrt\string.h(440): note: 'strtok' の宣言を確認してください
g:\プログラム教材アップデート作業\xr_framev2023_0930_vc2017_objloader\lib_objloader\mtl.cpp(225): warning C4996: 'strtok': This function or variable may be unsafe. Consider using strtok_s instead. To disable deprecation, use _CRT_SECURE_NO_WARNINGS. See online help for details.
  c:\program files (x86)\windows kits\10\include\10.0.17763.0\ucrt\string.h(440): note: 'strtok' の宣言を確認してください
g:\プログラム教材アップデート作業\xr_framev2023_0930_vc2017_objloader\lib_objloader\mtl.cpp(233): warning C4996: 'strtok': This function or variable may be unsafe. Consider using strtok_s instead. To disable deprecation, use _CRT_SECURE_NO_WARNINGS. See online help for details.
  c:\program files (x86)\windows kits\10\include\10.0.17763.0\ucrt\string.h(440): note: 'strtok' の宣言を確認してください
g:\プログラム教材アップデート作業\xr_framev2023_0930_vc2017_objloader\lib_objloader\mtl.cpp(240): warning C4996: 'strtok': This function or variable may be unsafe. Consider using strtok_s instead. To disable deprecation, use _CRT_SECURE_NO_WARNINGS. See online help for details.
  c:\program files (x86)\windows kits\10\include\10.0.17763.0\ucrt\string.h(440): note: 'strtok' の宣言を確認してください
g:\プログラム教材アップデート作業\xr_framev2023_0930_vc2017_objloader\lib_objloader\mtl.cpp(284): warning C4996: 'strtok': This function or variable may be unsafe. Consider using strtok_s instead. To disable deprecation, use _CRT_SECURE_NO_WARNINGS. See online help for details.
  c:\program files (x86)\windows kits\10\include\10.0.17763.0\ucrt\string.h(440): note: 'strtok' の宣言を確認してください
g:\プログラム教材アップデート作業\xr_framev2023_0930_vc2017_objloader\lib_objloader\mtl.cpp(292): warning C4996: 'strtok': This function or variable may be unsafe. Consider using strtok_s instead. To disable deprecation, use _CRT_SECURE_NO_WARNINGS. See online help for details.
  c:\program files (x86)\windows kits\10\include\10.0.17763.0\ucrt\string.h(440): note: 'strtok' の宣言を確認してください
  ObjData.cpp
  ObjDetailData.cpp
  ObjLoader.cpp
g:\プログラム教材アップデート作業\xr_framev2023_0930_vc2017_objloader\lib_objloader\objloader.cpp(184): warning C4101: 'tempCnt': ローカル変数は 1 度も使われていません。
g:\プログラム教材アップデート作業\xr_framev2023_0930_vc2017_objloader\lib_objloader\objloader.cpp(500): warning C4996: 'strtok': This function or variable may be unsafe. Consider using strtok_s instead. To disable deprecation, use _CRT_SECURE_NO_WARNINGS. See online help for details.
  c:\program files (x86)\windows kits\10\include\10.0.17763.0\ucrt\string.h(440): note: 'strtok' の宣言を確認してください
g:\プログラム教材アップデート作業\xr_framev2023_0930_vc2017_objloader\lib_objloader\objloader.cpp(501): warning C4996: 'strtok': This function or variable may be unsafe. Consider using strtok_s instead. To disable deprecation, use _CRT_SECURE_NO_WARNINGS. See online help for details.
  c:\program files (x86)\windows kits\10\include\10.0.17763.0\ucrt\string.h(440): note: 'strtok' の宣言を確認してください
g:\プログラム教材アップデート作業\xr_framev2023_0930_vc2017_objloader\lib_objloader\objloader.cpp(514): warning C4996: 'strtok': This function or variable may be unsafe. Consider using strtok_s instead. To disable deprecation, use _CRT_SECURE_NO_WARNINGS. See online help for details.
  c:\program files (x86)\windows kits\10\include\10.0.17763.0\ucrt\string.h(440): note: 'strtok' の宣言を確認してください
g:\プログラム教材アップデート作業\xr_framev2023_0930_vc2017_objloader\lib_objloader\objloader.cpp(515): warning C4996: 'strtok': This function or variable may be unsafe. Consider using strtok_s instead. To disable deprecation, use _CRT_SECURE_NO_WARNINGS. See online help for details.
  c:\program files (x86)\windows kits\10\include\10.0.17763.0\ucrt\string.h(440): note: 'strtok' の宣言を確認してください
g:\プログラム教材アップデート作業\xr_framev2023_0930_vc2017_objloader\lib_objloader\objloader.cpp(540): warning C4996: 'strtok': This function or variable may be unsafe. Consider using strtok_s instead. To disable deprecation, use _CRT_SECURE_NO_WARNINGS. See online help for details.
  c:\program files (x86)\windows kits\10\include\10.0.17763.0\ucrt\string.h(440): note: 'strtok' の宣言を確認してください
g:\プログラム教材アップデート作業\xr_framev2023_0930_vc2017_objloader\lib_objloader\objloader.cpp(546): warning C4996: 'strtok': This function or variable may be unsafe. Consider using strtok_s instead. To disable deprecation, use _CRT_SECURE_NO_WARNINGS. See online help for details.
  c:\program files (x86)\windows kits\10\include\10.0.17763.0\ucrt\string.h(440): note: 'strtok' の宣言を確認してください
g:\プログラム教材アップデート作業\xr_framev2023_0930_vc2017_objloader\lib_objloader\objloader.cpp(566): warning C4996: 'strtok': This function or variable may be unsafe. Consider using strtok_s instead. To disable deprecation, use _CRT_SECURE_NO_WARNINGS. See online help for details.
  c:\program files (x86)\windows kits\10\include\10.0.17763.0\ucrt\string.h(440): note: 'strtok' の宣言を確認してください
g:\プログラム教材アップデート作業\xr_framev2023_0930_vc2017_objloader\lib_objloader\objloader.cpp(572): warning C4996: 'strtok': This function or variable may be unsafe. Consider using strtok_s instead. To disable deprecation, use _CRT_SECURE_NO_WARNINGS. See online help for details.
  c:\program files (x86)\windows kits\10\include\10.0.17763.0\ucrt\string.h(440): note: 'strtok' の宣言を確認してください
g:\プログラム教材アップデート作業\xr_framev2023_0930_vc2017_objloader\lib_objloader\objloader.cpp(585): warning C4996: 'strtok': This function or variable may be unsafe. Consider using strtok_s instead. To disable deprecation, use _CRT_SECURE_NO_WARNINGS. See online help for details.
  c:\program files (x86)\windows kits\10\include\10.0.17763.0\ucrt\string.h(440): note: 'strtok' の宣言を確認してください
g:\プログラム教材アップデート作業\xr_framev2023_0930_vc2017_objloader\lib_objloader\objloader.cpp(586): warning C4996: 'strtok': This function or variable may be unsafe. Consider using strtok_s instead. To disable deprecation, use _CRT_SECURE_NO_WARNINGS. See online help for details.
  c:\program files (x86)\windows kits\10\include\10.0.17763.0\ucrt\string.h(440): note: 'strtok' の宣言を確認してください
  ObjLoader_Seq.cpp
g:\プログラム教材アップデート作業\xr_framev2023_0930_vc2017_objloader\lib_objloader\objloader_seq.h(2): warning C4067: プリプロセッサ ディレクティブの後に余分な文字がありました - 改行が必要です
g:\プログラム教材アップデート作業\xr_framev2023_0930_vc2017_objloader\lib_objloader\objloader_seq.cpp(32): warning C4996: 'sprintf': This function or variable may be unsafe. Consider using sprintf_s instead. To disable deprecation, use _CRT_SECURE_NO_WARNINGS. See online help for details.
  c:\program files (x86)\windows kits\10\include\10.0.17763.0\ucrt\stdio.h(1774): note: 'sprintf' の宣言を確認してください
g:\プログラム教材アップデート作業\xr_framev2023_0930_vc2017_objloader\lib_objloader\objloader_seq.cpp(65): warning C4018: '<=': signed と unsigned の数値を比較しようとしました。
g:\プログラム教材アップデート作業\xr_framev2023_0930_vc2017_objloader\lib_objloader\objloader_seq.cpp(80): warning C4018: '<=': signed と unsigned の数値を比較しようとしました。
g:\プログラム教材アップデート作業\xr_framev2023_0930_vc2017_objloader\lib_objloader\objloader_seq.cpp(92): warning C4018: '<=': signed と unsigned の数値を比較しようとしました。
  PngImage.cpp
g:\プログラム教材アップデート作業\xr_framev2023_0930_vc2017_objloader\lib_objloader\pngimage.cpp(37): warning C4996: 'fopen': This function or variable may be unsafe. Consider using fopen_s instead. To disable deprecation, use _CRT_SECURE_NO_WARNINGS. See online help for details.
  c:\program files (x86)\windows kits\10\include\10.0.17763.0\ucrt\stdio.h(208): note: 'fopen' の宣言を確認してください
g:\プログラム教材アップデート作業\xr_framev2023_0930_vc2017_objloader\lib_objloader\pngimage.cpp(112): warning C4996: 'fopen': This function or variable may be unsafe. Consider using fopen_s instead. To disable deprecation, use _CRT_SECURE_NO_WARNINGS. See online help for details.
  c:\program files (x86)\windows kits\10\include\10.0.17763.0\ucrt\stdio.h(208): note: 'fopen' の宣言を確認してください
  ThreedVector.cpp
  calc.cpp
  Com.cpp
g:\プログラム教材アップデート作業\xr_framev2023_0930_vc2017_objloader\src\com.cpp(217): warning C4334: '<<': 32 ビット シフトの結果が暗黙的に 64 ビットに変換されました (64 ビット シフトに意図的に変換しようとしましたか?)
g:\プログラム教材アップデート作業\xr_framev2023_0930_vc2017_objloader\src\com.cpp(269): warning C4334: '<<': 32 ビット シフトの結果が暗黙的に 64 ビットに変換されました (64 ビット シフトに意図的に変換しようとしましたか?)
  depth.cpp
  draw.cpp
g:\プログラム教材アップデート作業\xr_framev2023_0930_vc2017_objloader\lib_objloader\objloader_seq.h(2): warning C4067: プリプロセッサ ディレクティブの後に余分な文字がありました - 改行が必要です
  ezFont.cpp
  ezJpeg.cpp
  ezWebCam.cpp
  image.cpp
  ezMIDI.cpp
  ezUtil.cpp
  gyro.cpp
  light.cpp
  コンパイル中...
  mymodel.cpp
g:\プログラム教材アップデート作業\xr_framev2023_0930_vc2017_objloader\lib_objloader\objloader_seq.h(2): warning C4067: プリプロセッサ ディレクティブの後に余分な文字がありました - 改行が必要です
  myShape.cpp
  SerialIO.cpp
  sim.cpp
g:\プログラム教材アップデート作業\xr_framev2023_0930_vc2017_objloader\lib_objloader\objloader_seq.h(2): warning C4067: プリプロセッサ ディレクティブの後に余分な文字がありました - 改行が必要です
g:\プログラム教材アップデート作業\xr_framev2023_0930_vc2017_objloader\src\sim.cpp(246): warning C4101: 'pitch': ローカル変数は 1 度も使われていません。
g:\プログラム教材アップデート作業\xr_framev2023_0930_vc2017_objloader\src\sim.cpp(246): warning C4101: 'roll': ローカル変数は 1 度も使われていません。
g:\プログラム教材アップデート作業\xr_framev2023_0930_vc2017_objloader\src\sim.cpp(244): warning C4101: 'ax': ローカル変数は 1 度も使われていません。
g:\プログラム教材アップデート作業\xr_framev2023_0930_vc2017_objloader\src\sim.cpp(244): warning C4101: 'ay': ローカル変数は 1 度も使われていません。
g:\プログラム教材アップデート作業\xr_framev2023_0930_vc2017_objloader\src\sim.cpp(244): warning C4101: 'az': ローカル変数は 1 度も使われていません。
g:\プログラム教材アップデート作業\xr_framev2023_0930_vc2017_objloader\src\sim.cpp(246): warning C4101: 'yaw': ローカル変数は 1 度も使われていません。
g:\プログラム教材アップデート作業\xr_framev2023_0930_vc2017_objloader\src\sim.cpp(293): warning C4101: 'pitch': ローカル変数は 1 度も使われていません。
g:\プログラム教材アップデート作業\xr_framev2023_0930_vc2017_objloader\src\sim.cpp(293): warning C4101: 'roll': ローカル変数は 1 度も使われていません。
g:\プログラム教材アップデート作業\xr_framev2023_0930_vc2017_objloader\src\sim.cpp(291): warning C4101: 'ax': ローカル変数は 1 度も使われていません。
g:\プログラム教材アップデート作業\xr_framev2023_0930_vc2017_objloader\src\sim.cpp(292): warning C4101: 'gx': ローカル変数は 1 度も使われていません。
g:\プログラム教材アップデート作業\xr_framev2023_0930_vc2017_objloader\src\sim.cpp(292): warning C4101: 'gz': ローカル変数は 1 度も使われていません。
g:\プログラム教材アップデート作業\xr_framev2023_0930_vc2017_objloader\src\sim.cpp(291): warning C4101: 'ay': ローカル変数は 1 度も使われていません。
g:\プログラム教材アップデート作業\xr_framev2023_0930_vc2017_objloader\src\sim.cpp(291): warning C4101: 'az': ローカル変数は 1 度も使われていません。
g:\プログラム教材アップデート作業\xr_framev2023_0930_vc2017_objloader\src\sim.cpp(293): warning C4101: 'yaw': ローカル変数は 1 度も使われていません。
g:\プログラム教材アップデート作業\xr_framev2023_0930_vc2017_objloader\src\sim.cpp(292): warning C4101: 'gy': ローカル変数は 1 度も使われていません。
  tcpFunc.cpp
g:\プログラム教材アップデート作業\xr_framev2023_0930_vc2017_objloader\src\tcpfunc.cpp(85): warning C4996: 'inet_addr': Use inet_pton() or InetPton() instead or define _WINSOCK_DEPRECATED_NO_WARNINGS to disable deprecated API warnings
  c:\program files (x86)\windows kits\10\include\10.0.17763.0\um\winsock2.h(1831): note: 'inet_addr' の宣言を確認してください
  cylindrical.cpp
  warptex.cpp
g:\プログラム教材アップデート作業\xr_framev2023_0930_vc2017_objloader\vrframe2020_v1\warptex.cpp(364): warning C4996: 'vsprintf': This function or variable may be unsafe. Consider using vsprintf_s instead. To disable deprecation, use _CRT_SECURE_NO_WARNINGS. See online help for details.
  c:\program files (x86)\windows kits\10\include\10.0.17763.0\ucrt\stdio.h(1469): note: 'vsprintf' の宣言を確認してください
  ezTrack.cpp
  hmd.cpp
  keyboard.cpp
  main.cpp
  mouse.cpp
  projview.cpp
  stereo.cpp
  GLMetaseq.c
  isense.c
libjpeg.lib(jdapimin.obj) : warning LNK4075: /EDITANDCONTINUE は /OPT:ICF の指定によって無視されます。
     ライブラリ G:\プログラム教材アップデート作業\XR_FrameV2023_0930_VC2017_ObjLoader\Release\vrframe2020_v1.lib とオブジェクト G:\プログラム教材アップデート作業\XR_FrameV2023_0930_VC2017_ObjLoader\Release\vrframe2020_v1.exp を作成中
LINK : warning LNK4098: defaultlib 'LIBCMT' は他のライブラリの使用と競合しています。/NODEFAULTLIB:library を使用してください。
MSVCRT.lib(initializers.obj) : warning LNK4098: defaultlib 'msvcrtd.lib' は他のライブラリの使用と競合しています。/NODEFAULTLIB:library を使用してください。
  コード生成しています。
  All 1853 functions were compiled because no usable IPDB/IOBJ from previous compilation was found.
  コード生成が終了しました。
libpng16.lib(pngwrite.obj) : warning LNK4099: PDB 'libpng.pdb' が 'libpng16.lib(pngwrite.obj)' で、または 'G:\プログラム教材アップデート作業\XR_FrameV2023_0930_VC2017_ObjLoader\Release\libpng.pdb' に見つかりません。デバッグ情報がないものとして、オブジェクトにリンクします。
libpng16.lib(pngread.obj) : warning LNK4099: PDB 'libpng.pdb' が 'libpng16.lib(pngread.obj)' で、または 'G:\プログラム教材アップデート作業\XR_FrameV2023_0930_VC2017_ObjLoader\Release\libpng.pdb' に見つかりません。デバッグ情報がないものとして、オブジェクトにリンクします。
libpng16.lib(png.obj) : warning LNK4099: PDB 'libpng.pdb' が 'libpng16.lib(png.obj)' で、または 'G:\プログラム教材アップデート作業\XR_FrameV2023_0930_VC2017_ObjLoader\Release\libpng.pdb' に見つかりません。デバッグ情報がないものとして、オブジェクトにリンクします。
libpng16.lib(pngget.obj) : warning LNK4099: PDB 'libpng.pdb' が 'libpng16.lib(pngget.obj)' で、または 'G:\プログラム教材アップデート作業\XR_FrameV2023_0930_VC2017_ObjLoader\Release\libpng.pdb' に見つかりません。デバッグ情報がないものとして、オブジェクトにリンクします。
libpng16.lib(pngset.obj) : warning LNK4099: PDB 'libpng.pdb' が 'libpng16.lib(pngset.obj)' で、または 'G:\プログラム教材アップデート作業\XR_FrameV2023_0930_VC2017_ObjLoader\Release\libpng.pdb' に見つかりません。デバッグ情報がないものとして、オブジェクトにリンクします。
libpng16.lib(pngerror.obj) : warning LNK4099: PDB 'libpng.pdb' が 'libpng16.lib(pngerror.obj)' で、または 'G:\プログラム教材アップデート作業\XR_FrameV2023_0930_VC2017_ObjLoader\Release\libpng.pdb' に見つかりません。デバッグ情報がないものとして、オブジェクトにリンクします。
libpng16.lib(pngwutil.obj) : warning LNK4099: PDB 'libpng.pdb' が 'libpng16.lib(pngwutil.obj)' で、または 'G:\プログラム教材アップデート作業\XR_FrameV2023_0930_VC2017_ObjLoader\Release\libpng.pdb' に見つかりません。デバッグ情報がないものとして、オブジェクトにリンクします。
libpng16.lib(pngwio.obj) : warning LNK4099: PDB 'libpng.pdb' が 'libpng16.lib(pngwio.obj)' で、または 'G:\プログラム教材アップデート作業\XR_FrameV2023_0930_VC2017_ObjLoader\Release\libpng.pdb' に見つかりません。デバッグ情報がないものとして、オブジェクトにリンクします。
libpng16.lib(pngtrans.obj) : warning LNK4099: PDB 'libpng.pdb' が 'libpng16.lib(pngtrans.obj)' で、または 'G:\プログラム教材アップデート作業\XR_FrameV2023_0930_VC2017_ObjLoader\Release\libpng.pdb' に見つかりません。デバッグ情報がないものとして、オブジェクトにリンクします。
libpng16.lib(pngwtran.obj) : warning LNK4099: PDB 'libpng.pdb' が 'libpng16.lib(pngwtran.obj)' で、または 'G:\プログラム教材アップデート作業\XR_FrameV2023_0930_VC2017_ObjLoader\Release\libpng.pdb' に見つかりません。デバッグ情報がないものとして、オブジェクトにリンクします。
libpng16.lib(pngmem.obj) : warning LNK4099: PDB 'libpng.pdb' が 'libpng16.lib(pngmem.obj)' で、または 'G:\プログラム教材アップデート作業\XR_FrameV2023_0930_VC2017_ObjLoader\Release\libpng.pdb' に見つかりません。デバッグ情報がないものとして、オブジェクトにリンクします。
libpng16.lib(pngrio.obj) : warning LNK4099: PDB 'libpng.pdb' が 'libpng16.lib(pngrio.obj)' で、または 'G:\プログラム教材アップデート作業\XR_FrameV2023_0930_VC2017_ObjLoader\Release\libpng.pdb' に見つかりません。デバッグ情報がないものとして、オブジェクトにリンクします。
libpng16.lib(pngrutil.obj) : warning LNK4099: PDB 'libpng.pdb' が 'libpng16.lib(pngrutil.obj)' で、または 'G:\プログラム教材アップデート作業\XR_FrameV2023_0930_VC2017_ObjLoader\Release\libpng.pdb' に見つかりません。デバッグ情報がないものとして、オブジェクトにリンクします。
libpng16.lib(pngrtran.obj) : warning LNK4099: PDB 'libpng.pdb' が 'libpng16.lib(pngrtran.obj)' で、または 'G:\プログラム教材アップデート作業\XR_FrameV2023_0930_VC2017_ObjLoader\Release\libpng.pdb' に見つかりません。デバッグ情報がないものとして、オブジェクトにリンクします。
zlib.lib(deflate.obj) : warning LNK4099: PDB 'zlib.pdb' が 'zlib.lib(deflate.obj)' で、または 'G:\プログラム教材アップデート作業\XR_FrameV2023_0930_VC2017_ObjLoader\Release\zlib.pdb' に見つかりません。デバッグ情報がないものとして、オブジェクトにリンクします。
zlib.lib(inflate.obj) : warning LNK4099: PDB 'zlib.pdb' が 'zlib.lib(inflate.obj)' で、または 'G:\プログラム教材アップデート作業\XR_FrameV2023_0930_VC2017_ObjLoader\Release\zlib.pdb' に見つかりません。デバッグ情報がないものとして、オブジェクトにリンクします。
zlib.lib(adler32.obj) : warning LNK4099: PDB 'zlib.pdb' が 'zlib.lib(adler32.obj)' で、または 'G:\プログラム教材アップデート作業\XR_FrameV2023_0930_VC2017_ObjLoader\Release\zlib.pdb' に見つかりません。デバッグ情報がないものとして、オブジェクトにリンクします。
zlib.lib(crc32.obj) : warning LNK4099: PDB 'zlib.pdb' が 'zlib.lib(crc32.obj)' で、または 'G:\プログラム教材アップデート作業\XR_FrameV2023_0930_VC2017_ObjLoader\Release\zlib.pdb' に見つかりません。デバッグ情報がないものとして、オブジェクトにリンクします。
zlib.lib(trees.obj) : warning LNK4099: PDB 'zlib.pdb' が 'zlib.lib(trees.obj)' で、または 'G:\プログラム教材アップデート作業\XR_FrameV2023_0930_VC2017_ObjLoader\Release\zlib.pdb' に見つかりません。デバッグ情報がないものとして、オブジェクトにリンクします。
zlib.lib(zutil.obj) : warning LNK4099: PDB 'zlib.pdb' が 'zlib.lib(zutil.obj)' で、または 'G:\プログラム教材アップデート作業\XR_FrameV2023_0930_VC2017_ObjLoader\Release\zlib.pdb' に見つかりません。デバッグ情報がないものとして、オブジェクトにリンクします。
zlib.lib(inftrees.obj) : warning LNK4099: PDB 'zlib.pdb' が 'zlib.lib(inftrees.obj)' で、または 'G:\プログラム教材アップデート作業\XR_FrameV2023_0930_VC2017_ObjLoader\Release\zlib.pdb' に見つかりません。デバッグ情報がないものとして、オブジェクトにリンクします。
zlib.lib(inffast.obj) : warning LNK4099: PDB 'zlib.pdb' が 'zlib.lib(inffast.obj)' で、または 'G:\プログラム教材アップデート作業\XR_FrameV2023_0930_VC2017_ObjLoader\Release\zlib.pdb' に見つかりません。デバッグ情報がないものとして、オブジェクトにリンクします。
libjpeg.lib(jaricom.obj) : warning LNK4099: PDB 'libjpeg.pdb' が 'libjpeg.lib(jaricom.obj)' で、または 'G:\プログラム教材アップデート作業\XR_FrameV2023_0930_VC2017_ObjLoader\Release\libjpeg.pdb' に見つかりません。デバッグ情報がないものとして、オブジェクトにリンクします。
libjpeg.lib(jcapimin.obj) : warning LNK4099: PDB 'libjpeg.pdb' が 'libjpeg.lib(jcapimin.obj)' で、または 'G:\プログラム教材アップデート作業\XR_FrameV2023_0930_VC2017_ObjLoader\Release\libjpeg.pdb' に見つかりません。デバッグ情報がないものとして、オブジェクトにリンクします。
libjpeg.lib(jcapistd.obj) : warning LNK4099: PDB 'libjpeg.pdb' が 'libjpeg.lib(jcapistd.obj)' で、または 'G:\プログラム教材アップデート作業\XR_FrameV2023_0930_VC2017_ObjLoader\Release\libjpeg.pdb' に見つかりません。デバッグ情報がないものとして、オブジェクトにリンクします。
libjpeg.lib(jcarith.obj) : warning LNK4099: PDB 'libjpeg.pdb' が 'libjpeg.lib(jcarith.obj)' で、または 'G:\プログラム教材アップデート作業\XR_FrameV2023_0930_VC2017_ObjLoader\Release\libjpeg.pdb' に見つかりません。デバッグ情報がないものとして、オブジェクトにリンクします。
libjpeg.lib(jccoefct.obj) : warning LNK4099: PDB 'libjpeg.pdb' が 'libjpeg.lib(jccoefct.obj)' で、または 'G:\プログラム教材アップデート作業\XR_FrameV2023_0930_VC2017_ObjLoader\Release\libjpeg.pdb' に見つかりません。デバッグ情報がないものとして、オブジェクトにリンクします。
libjpeg.lib(jccolor.obj) : warning LNK4099: PDB 'libjpeg.pdb' が 'libjpeg.lib(jccolor.obj)' で、または 'G:\プログラム教材アップデート作業\XR_FrameV2023_0930_VC2017_ObjLoader\Release\libjpeg.pdb' に見つかりません。デバッグ情報がないものとして、オブジェクトにリンクします。
libjpeg.lib(jcdctmgr.obj) : warning LNK4099: PDB 'libjpeg.pdb' が 'libjpeg.lib(jcdctmgr.obj)' で、または 'G:\プログラム教材アップデート作業\XR_FrameV2023_0930_VC2017_ObjLoader\Release\libjpeg.pdb' に見つかりません。デバッグ情報がないものとして、オブジェクトにリンクします。
libjpeg.lib(jchuff.obj) : warning LNK4099: PDB 'libjpeg.pdb' が 'libjpeg.lib(jchuff.obj)' で、または 'G:\プログラム教材アップデート作業\XR_FrameV2023_0930_VC2017_ObjLoader\Release\libjpeg.pdb' に見つかりません。デバッグ情報がないものとして、オブジェクトにリンクします。
libjpeg.lib(jcinit.obj) : warning LNK4099: PDB 'libjpeg.pdb' が 'libjpeg.lib(jcinit.obj)' で、または 'G:\プログラム教材アップデート作業\XR_FrameV2023_0930_VC2017_ObjLoader\Release\libjpeg.pdb' に見つかりません。デバッグ情報がないものとして、オブジェクトにリンクします。
libjpeg.lib(jcmainct.obj) : warning LNK4099: PDB 'libjpeg.pdb' が 'libjpeg.lib(jcmainct.obj)' で、または 'G:\プログラム教材アップデート作業\XR_FrameV2023_0930_VC2017_ObjLoader\Release\libjpeg.pdb' に見つかりません。デバッグ情報がないものとして、オブジェクトにリンクします。
libjpeg.lib(jcmarker.obj) : warning LNK4099: PDB 'libjpeg.pdb' が 'libjpeg.lib(jcmarker.obj)' で、または 'G:\プログラム教材アップデート作業\XR_FrameV2023_0930_VC2017_ObjLoader\Release\libjpeg.pdb' に見つかりません。デバッグ情報がないものとして、オブジェクトにリンクします。
libjpeg.lib(jcmaster.obj) : warning LNK4099: PDB 'libjpeg.pdb' が 'libjpeg.lib(jcmaster.obj)' で、または 'G:\プログラム教材アップデート作業\XR_FrameV2023_0930_VC2017_ObjLoader\Release\libjpeg.pdb' に見つかりません。デバッグ情報がないものとして、オブジェクトにリンクします。
libjpeg.lib(jcomapi.obj) : warning LNK4099: PDB 'libjpeg.pdb' が 'libjpeg.lib(jcomapi.obj)' で、または 'G:\プログラム教材アップデート作業\XR_FrameV2023_0930_VC2017_ObjLoader\Release\libjpeg.pdb' に見つかりません。デバッグ情報がないものとして、オブジェクトにリンクします。
libjpeg.lib(jcparam.obj) : warning LNK4099: PDB 'libjpeg.pdb' が 'libjpeg.lib(jcparam.obj)' で、または 'G:\プログラム教材アップデート作業\XR_FrameV2023_0930_VC2017_ObjLoader\Release\libjpeg.pdb' に見つかりません。デバッグ情報がないものとして、オブジェクトにリンクします。
libjpeg.lib(jcprepct.obj) : warning LNK4099: PDB 'libjpeg.pdb' が 'libjpeg.lib(jcprepct.obj)' で、または 'G:\プログラム教材アップデート作業\XR_FrameV2023_0930_VC2017_ObjLoader\Release\libjpeg.pdb' に見つかりません。デバッグ情報がないものとして、オブジェクトにリンクします。
libjpeg.lib(jcsample.obj) : warning LNK4099: PDB 'libjpeg.pdb' が 'libjpeg.lib(jcsample.obj)' で、または 'G:\プログラム教材アップデート作業\XR_FrameV2023_0930_VC2017_ObjLoader\Release\libjpeg.pdb' に見つかりません。デバッグ情報がないものとして、オブジェクトにリンクします。
libjpeg.lib(jdapimin.obj) : warning LNK4099: PDB 'libjpeg.pdb' が 'libjpeg.lib(jdapimin.obj)' で、または 'G:\プログラム教材アップデート作業\XR_FrameV2023_0930_VC2017_ObjLoader\Release\libjpeg.pdb' に見つかりません。デバッグ情報がないものとして、オブジェクトにリンクします。
libjpeg.lib(jdapistd.obj) : warning LNK4099: PDB 'libjpeg.pdb' が 'libjpeg.lib(jdapistd.obj)' で、または 'G:\プログラム教材アップデート作業\XR_FrameV2023_0930_VC2017_ObjLoader\Release\libjpeg.pdb' に見つかりません。デバッグ情報がないものとして、オブジェクトにリンクします。
libjpeg.lib(jdarith.obj) : warning LNK4099: PDB 'libjpeg.pdb' が 'libjpeg.lib(jdarith.obj)' で、または 'G:\プログラム教材アップデート作業\XR_FrameV2023_0930_VC2017_ObjLoader\Release\libjpeg.pdb' に見つかりません。デバッグ情報がないものとして、オブジェクトにリンクします。
libjpeg.lib(jdatadst.obj) : warning LNK4099: PDB 'libjpeg.pdb' が 'libjpeg.lib(jdatadst.obj)' で、または 'G:\プログラム教材アップデート作業\XR_FrameV2023_0930_VC2017_ObjLoader\Release\libjpeg.pdb' に見つかりません。デバッグ情報がないものとして、オブジェクトにリンクします。
libjpeg.lib(jdatasrc.obj) : warning LNK4099: PDB 'libjpeg.pdb' が 'libjpeg.lib(jdatasrc.obj)' で、または 'G:\プログラム教材アップデート作業\XR_FrameV2023_0930_VC2017_ObjLoader\Release\libjpeg.pdb' に見つかりません。デバッグ情報がないものとして、オブジェクトにリンクします。
libjpeg.lib(jdcoefct.obj) : warning LNK4099: PDB 'libjpeg.pdb' が 'libjpeg.lib(jdcoefct.obj)' で、または 'G:\プログラム教材アップデート作業\XR_FrameV2023_0930_VC2017_ObjLoader\Release\libjpeg.pdb' に見つかりません。デバッグ情報がないものとして、オブジェクトにリンクします。
libjpeg.lib(jdcolor.obj) : warning LNK4099: PDB 'libjpeg.pdb' が 'libjpeg.lib(jdcolor.obj)' で、または 'G:\プログラム教材アップデート作業\XR_FrameV2023_0930_VC2017_ObjLoader\Release\libjpeg.pdb' に見つかりません。デバッグ情報がないものとして、オブジェクトにリンクします。
libjpeg.lib(jddctmgr.obj) : warning LNK4099: PDB 'libjpeg.pdb' が 'libjpeg.lib(jddctmgr.obj)' で、または 'G:\プログラム教材アップデート作業\XR_FrameV2023_0930_VC2017_ObjLoader\Release\libjpeg.pdb' に見つかりません。デバッグ情報がないものとして、オブジェクトにリンクします。
libjpeg.lib(jdhuff.obj) : warning LNK4099: PDB 'libjpeg.pdb' が 'libjpeg.lib(jdhuff.obj)' で、または 'G:\プログラム教材アップデート作業\XR_FrameV2023_0930_VC2017_ObjLoader\Release\libjpeg.pdb' に見つかりません。デバッグ情報がないものとして、オブジェクトにリンクします。
libjpeg.lib(jdinput.obj) : warning LNK4099: PDB 'libjpeg.pdb' が 'libjpeg.lib(jdinput.obj)' で、または 'G:\プログラム教材アップデート作業\XR_FrameV2023_0930_VC2017_ObjLoader\Release\libjpeg.pdb' に見つかりません。デバッグ情報がないものとして、オブジェクトにリンクします。
libjpeg.lib(jdmainct.obj) : warning LNK4099: PDB 'libjpeg.pdb' が 'libjpeg.lib(jdmainct.obj)' で、または 'G:\プログラム教材アップデート作業\XR_FrameV2023_0930_VC2017_ObjLoader\Release\libjpeg.pdb' に見つかりません。デバッグ情報がないものとして、オブジェクトにリンクします。
libjpeg.lib(jdmarker.obj) : warning LNK4099: PDB 'libjpeg.pdb' が 'libjpeg.lib(jdmarker.obj)' で、または 'G:\プログラム教材アップデート作業\XR_FrameV2023_0930_VC2017_ObjLoader\Release\libjpeg.pdb' に見つかりません。デバッグ情報がないものとして、オブジェクトにリンクします。
libjpeg.lib(jdmaster.obj) : warning LNK4099: PDB 'libjpeg.pdb' が 'libjpeg.lib(jdmaster.obj)' で、または 'G:\プログラム教材アップデート作業\XR_FrameV2023_0930_VC2017_ObjLoader\Release\libjpeg.pdb' に見つかりません。デバッグ情報がないものとして、オブジェクトにリンクします。
libjpeg.lib(jdmerge.obj) : warning LNK4099: PDB 'libjpeg.pdb' が 'libjpeg.lib(jdmerge.obj)' で、または 'G:\プログラム教材アップデート作業\XR_FrameV2023_0930_VC2017_ObjLoader\Release\libjpeg.pdb' に見つかりません。デバッグ情報がないものとして、オブジェクトにリンクします。
libjpeg.lib(jdpostct.obj) : warning LNK4099: PDB 'libjpeg.pdb' が 'libjpeg.lib(jdpostct.obj)' で、または 'G:\プログラム教材アップデート作業\XR_FrameV2023_0930_VC2017_ObjLoader\Release\libjpeg.pdb' に見つかりません。デバッグ情報がないものとして、オブジェクトにリンクします。
libjpeg.lib(jdsample.obj) : warning LNK4099: PDB 'libjpeg.pdb' が 'libjpeg.lib(jdsample.obj)' で、または 'G:\プログラム教材アップデート作業\XR_FrameV2023_0930_VC2017_ObjLoader\Release\libjpeg.pdb' に見つかりません。デバッグ情報がないものとして、オブジェクトにリンクします。
libjpeg.lib(jerror.obj) : warning LNK4099: PDB 'libjpeg.pdb' が 'libjpeg.lib(jerror.obj)' で、または 'G:\プログラム教材アップデート作業\XR_FrameV2023_0930_VC2017_ObjLoader\Release\libjpeg.pdb' に見つかりません。デバッグ情報がないものとして、オブジェクトにリンクします。
libjpeg.lib(jfdctflt.obj) : warning LNK4099: PDB 'libjpeg.pdb' が 'libjpeg.lib(jfdctflt.obj)' で、または 'G:\プログラム教材アップデート作業\XR_FrameV2023_0930_VC2017_ObjLoader\Release\libjpeg.pdb' に見つかりません。デバッグ情報がないものとして、オブジェクトにリンクします。
libjpeg.lib(jfdctfst.obj) : warning LNK4099: PDB 'libjpeg.pdb' が 'libjpeg.lib(jfdctfst.obj)' で、または 'G:\プログラム教材アップデート作業\XR_FrameV2023_0930_VC2017_ObjLoader\Release\libjpeg.pdb' に見つかりません。デバッグ情報がないものとして、オブジェクトにリンクします。
libjpeg.lib(jfdctint.obj) : warning LNK4099: PDB 'libjpeg.pdb' が 'libjpeg.lib(jfdctint.obj)' で、または 'G:\プログラム教材アップデート作業\XR_FrameV2023_0930_VC2017_ObjLoader\Release\libjpeg.pdb' に見つかりません。デバッグ情報がないものとして、オブジェクトにリンクします。
libjpeg.lib(jidctflt.obj) : warning LNK4099: PDB 'libjpeg.pdb' が 'libjpeg.lib(jidctflt.obj)' で、または 'G:\プログラム教材アップデート作業\XR_FrameV2023_0930_VC2017_ObjLoader\Release\libjpeg.pdb' に見つかりません。デバッグ情報がないものとして、オブジェクトにリンクします。
libjpeg.lib(jidctfst.obj) : warning LNK4099: PDB 'libjpeg.pdb' が 'libjpeg.lib(jidctfst.obj)' で、または 'G:\プログラム教材アップデート作業\XR_FrameV2023_0930_VC2017_ObjLoader\Release\libjpeg.pdb' に見つかりません。デバッグ情報がないものとして、オブジェクトにリンクします。
libjpeg.lib(jidctint.obj) : warning LNK4099: PDB 'libjpeg.pdb' が 'libjpeg.lib(jidctint.obj)' で、または 'G:\プログラム教材アップデート作業\XR_FrameV2023_0930_VC2017_ObjLoader\Release\libjpeg.pdb' に見つかりません。デバッグ情報がないものとして、オブジェクトにリンクします。
libjpeg.lib(jmemmgr.obj) : warning LNK4099: PDB 'libjpeg.pdb' が 'libjpeg.lib(jmemmgr.obj)' で、または 'G:\プログラム教材アップデート作業\XR_FrameV2023_0930_VC2017_ObjLoader\Release\libjpeg.pdb' に見つかりません。デバッグ情報がないものとして、オブジェクトにリンクします。
libjpeg.lib(jmemnobs.obj) : warning LNK4099: PDB 'libjpeg.pdb' が 'libjpeg.lib(jmemnobs.obj)' で、または 'G:\プログラム教材アップデート作業\XR_FrameV2023_0930_VC2017_ObjLoader\Release\libjpeg.pdb' に見つかりません。デバッグ情報がないものとして、オブジェクトにリンクします。
libjpeg.lib(jquant1.obj) : warning LNK4099: PDB 'libjpeg.pdb' が 'libjpeg.lib(jquant1.obj)' で、または 'G:\プログラム教材アップデート作業\XR_FrameV2023_0930_VC2017_ObjLoader\Release\libjpeg.pdb' に見つかりません。デバッグ情報がないものとして、オブジェクトにリンクします。
libjpeg.lib(jquant2.obj) : warning LNK4099: PDB 'libjpeg.pdb' が 'libjpeg.lib(jquant2.obj)' で、または 'G:\プログラム教材アップデート作業\XR_FrameV2023_0930_VC2017_ObjLoader\Release\libjpeg.pdb' に見つかりません。デバッグ情報がないものとして、オブジェクトにリンクします。
libjpeg.lib(jutils.obj) : warning LNK4099: PDB 'libjpeg.pdb' が 'libjpeg.lib(jutils.obj)' で、または 'G:\プログラム教材アップデート作業\XR_FrameV2023_0930_VC2017_ObjLoader\Release\libjpeg.pdb' に見つかりません。デバッグ情報がないものとして、オブジェクトにリンクします。
  vrframe2020_v1.vcxproj -> G:\プログラム教材アップデート作業\XR_FrameV2023_0930_VC2017_ObjLoader\Release\vrframe2020_v1.exe
